{"/home/travis/build/npmtest/node-npmtest-npm-registry-client/test.js":{"path":"/home/travis/build/npmtest/node-npmtest-npm-registry-client/test.js","s":{"1":2,"2":2,"3":2,"4":2,"5":2,"6":2,"7":2,"8":1,"9":2,"10":2,"11":1,"12":1,"13":1,"14":1,"15":2,"16":2,"17":2,"18":2,"19":1,"20":1,"21":2,"22":2,"23":2,"24":1,"25":1,"26":1,"27":1,"28":1,"29":1,"30":1,"31":1,"32":1,"33":1,"34":1,"35":1,"36":1,"37":1,"38":1,"39":2,"40":2,"41":1,"42":2,"43":2,"44":1,"45":2,"46":2,"47":1,"48":2,"49":2,"50":1,"51":1,"52":1,"53":1,"54":1},"b":{"1":[2,1,1,1],"2":[1,1,1,1],"3":[1,1],"4":[1,1],"5":[1,1],"6":[1,1],"7":[1,1],"8":[1,1],"9":[1,1],"10":[1,1,1],"11":[1,1],"12":[1,1],"13":[1,1],"14":[1,1],"15":[1,1],"16":[1,1],"17":[1,1]},"f":{"1":2,"2":2,"3":2,"4":2,"5":2,"6":1,"7":1,"8":1,"9":2,"10":2,"11":2,"12":2,"13":1},"fnMap":{"1":{"name":"(anonymous_1)","line":12,"loc":{"start":{"line":12,"column":1},"end":{"line":12,"column":13}}},"2":{"name":"(anonymous_2)","line":19,"loc":{"start":{"line":19,"column":5},"end":{"line":19,"column":17}}},"3":{"name":"(anonymous_3)","line":23,"loc":{"start":{"line":23,"column":24},"end":{"line":23,"column":36}}},"4":{"name":"(anonymous_4)","line":61,"loc":{"start":{"line":61,"column":5},"end":{"line":61,"column":17}}},"5":{"name":"(anonymous_5)","line":82,"loc":{"start":{"line":82,"column":5},"end":{"line":82,"column":17}}},"6":{"name":"(anonymous_6)","line":91,"loc":{"start":{"line":91,"column":77},"end":{"line":94,"column":10}}},"7":{"name":"(anonymous_7)","line":112,"loc":{"start":{"line":112,"column":83},"end":{"line":115,"column":10}},"skip":true},"8":{"name":"(anonymous_8)","line":123,"loc":{"start":{"line":123,"column":77},"end":{"line":126,"column":10}},"skip":true},"9":{"name":"(anonymous_9)","line":139,"loc":{"start":{"line":139,"column":12},"end":{"line":139,"column":40}},"skip":true},"10":{"name":"(anonymous_10)","line":147,"loc":{"start":{"line":147,"column":77},"end":{"line":150,"column":10}},"skip":true},"11":{"name":"(anonymous_11)","line":158,"loc":{"start":{"line":158,"column":83},"end":{"line":161,"column":10}},"skip":true},"12":{"name":"(anonymous_12)","line":169,"loc":{"start":{"line":169,"column":79},"end":{"line":172,"column":10}},"skip":true},"13":{"name":"(anonymous_13)","line":180,"loc":{"start":{"line":180,"column":75},"end":{"line":183,"column":10}},"skip":true}},"statementMap":{"1":{"start":{"line":12,"column":0},"end":{"line":195,"column":5}},"2":{"start":{"line":14,"column":4},"end":{"line":14,"column":14}},"3":{"start":{"line":19,"column":4},"end":{"line":56,"column":9}},"4":{"start":{"line":21,"column":8},"end":{"line":21,"column":19}},"5":{"start":{"line":23,"column":8},"end":{"line":35,"column":13}},"6":{"start":{"line":24,"column":12},"end":{"line":34,"column":13}},"7":{"start":{"line":25,"column":16},"end":{"line":28,"column":30}},"8":{"start":{"line":30,"column":16},"end":{"line":33,"column":27}},"9":{"start":{"line":37,"column":8},"end":{"line":39,"column":21}},"10":{"start":{"line":40,"column":8},"end":{"line":53,"column":9}},"11":{"start":{"line":43,"column":12},"end":{"line":46,"column":14}},"12":{"start":{"line":47,"column":12},"end":{"line":47,"column":18}},"13":{"start":{"line":50,"column":12},"end":{"line":51,"column":46}},"14":{"start":{"line":52,"column":12},"end":{"line":52,"column":18}},"15":{"start":{"line":55,"column":8},"end":{"line":55,"column":35}},"16":{"start":{"line":61,"column":4},"end":{"line":63,"column":9}},"17":{"start":{"line":62,"column":8},"end":{"line":62,"column":15}},"18":{"start":{"line":64,"column":4},"end":{"line":77,"column":5}},"19":{"start":{"line":70,"column":8},"end":{"line":70,"column":14}},"20":{"start":{"line":76,"column":8},"end":{"line":76,"column":14}},"21":{"start":{"line":82,"column":4},"end":{"line":84,"column":9}},"22":{"start":{"line":83,"column":8},"end":{"line":83,"column":15}},"23":{"start":{"line":85,"column":4},"end":{"line":194,"column":5}},"24":{"start":{"line":91,"column":8},"end":{"line":99,"column":10}},"25":{"start":{"line":98,"column":12},"end":{"line":98,"column":35}},"26":{"start":{"line":102,"column":8},"end":{"line":104,"column":63}},"27":{"start":{"line":105,"column":8},"end":{"line":105,"column":14}},"28":{"start":{"line":112,"column":8},"end":{"line":121,"column":10},"skip":true},"29":{"start":{"line":119,"column":12},"end":{"line":119,"column":55},"skip":true},"30":{"start":{"line":120,"column":12},"end":{"line":120,"column":48},"skip":true},"31":{"start":{"line":123,"column":8},"end":{"line":136,"column":10},"skip":true},"32":{"start":{"line":130,"column":12},"end":{"line":130,"column":76},"skip":true},"33":{"start":{"line":131,"column":12},"end":{"line":131,"column":73},"skip":true},"34":{"start":{"line":132,"column":12},"end":{"line":132,"column":74},"skip":true},"35":{"start":{"line":133,"column":12},"end":{"line":133,"column":79},"skip":true},"36":{"start":{"line":134,"column":12},"end":{"line":134,"column":25},"skip":true},"37":{"start":{"line":135,"column":12},"end":{"line":135,"column":45},"skip":true},"38":{"start":{"line":138,"column":8},"end":{"line":145,"column":14},"skip":true},"39":{"start":{"line":143,"column":16},"end":{"line":143,"column":29},"skip":true},"40":{"start":{"line":144,"column":16},"end":{"line":144,"column":55},"skip":true},"41":{"start":{"line":147,"column":8},"end":{"line":156,"column":10},"skip":true},"42":{"start":{"line":154,"column":12},"end":{"line":154,"column":25},"skip":true},"43":{"start":{"line":155,"column":12},"end":{"line":155,"column":45},"skip":true},"44":{"start":{"line":158,"column":8},"end":{"line":167,"column":10},"skip":true},"45":{"start":{"line":165,"column":12},"end":{"line":165,"column":25},"skip":true},"46":{"start":{"line":166,"column":12},"end":{"line":166,"column":48},"skip":true},"47":{"start":{"line":169,"column":8},"end":{"line":178,"column":10},"skip":true},"48":{"start":{"line":176,"column":12},"end":{"line":176,"column":25},"skip":true},"49":{"start":{"line":177,"column":12},"end":{"line":177,"column":46},"skip":true},"50":{"start":{"line":180,"column":8},"end":{"line":189,"column":10},"skip":true},"51":{"start":{"line":187,"column":12},"end":{"line":187,"column":94},"skip":true},"52":{"start":{"line":188,"column":12},"end":{"line":188,"column":48},"skip":true},"53":{"start":{"line":192,"column":8},"end":{"line":192,"column":35},"skip":true},"54":{"start":{"line":193,"column":8},"end":{"line":193,"column":14},"skip":true}},"branchMap":{"1":{"line":25,"type":"binary-expr","locations":[{"start":{"line":25,"column":23},"end":{"line":25,"column":62}},{"start":{"line":26,"column":20},"end":{"line":26,"column":70}},{"start":{"line":27,"column":20},"end":{"line":27,"column":71}},{"start":{"line":28,"column":20},"end":{"line":28,"column":29}}]},"2":{"line":30,"type":"binary-expr","locations":[{"start":{"line":30,"column":23},"end":{"line":30,"column":37}},{"start":{"line":31,"column":20},"end":{"line":31,"column":61}},{"start":{"line":32,"column":20},"end":{"line":32,"column":70}},{"start":{"line":33,"column":20},"end":{"line":33,"column":26}}]},"3":{"line":37,"type":"cond-expr","locations":[{"start":{"line":38,"column":14},"end":{"line":38,"column":20}},{"start":{"line":39,"column":14},"end":{"line":39,"column":20}}]},"4":{"line":40,"type":"switch","locations":[{"start":{"line":42,"column":8},"end":{"line":47,"column":18}},{"start":{"line":49,"column":8},"end":{"line":52,"column":18}}]},"5":{"line":44,"type":"binary-expr","locations":[{"start":{"line":44,"column":16},"end":{"line":44,"column":44}},{"start":{"line":44,"column":48},"end":{"line":44,"column":66}}]},"6":{"line":50,"type":"binary-expr","locations":[{"start":{"line":50,"column":21},"end":{"line":50,"column":49}},{"start":{"line":50,"column":53},"end":{"line":50,"column":72}}]},"7":{"line":64,"type":"switch","locations":[{"start":{"line":69,"column":4},"end":{"line":70,"column":14}},{"start":{"line":75,"column":4},"end":{"line":76,"column":14}}]},"8":{"line":85,"type":"switch","locations":[{"start":{"line":90,"column":4},"end":{"line":105,"column":14}},{"start":{"line":111,"column":4},"end":{"line":193,"column":14},"skip":true}]},"9":{"line":91,"type":"binary-expr","locations":[{"start":{"line":91,"column":42},"end":{"line":91,"column":73}},{"start":{"line":91,"column":77},"end":{"line":99,"column":9}}]},"10":{"line":102,"type":"binary-expr","locations":[{"start":{"line":102,"column":18},"end":{"line":102,"column":32}},{"start":{"line":103,"column":12},"end":{"line":103,"column":53}},{"start":{"line":104,"column":12},"end":{"line":104,"column":61}}]},"11":{"line":112,"type":"binary-expr","locations":[{"start":{"line":112,"column":45},"end":{"line":112,"column":79},"skip":true},{"start":{"line":112,"column":83},"end":{"line":121,"column":9},"skip":true}]},"12":{"line":123,"type":"binary-expr","locations":[{"start":{"line":123,"column":42},"end":{"line":123,"column":73},"skip":true},{"start":{"line":123,"column":77},"end":{"line":136,"column":9},"skip":true}]},"13":{"line":138,"type":"binary-expr","locations":[{"start":{"line":138,"column":48},"end":{"line":138,"column":85},"skip":true},{"start":{"line":139,"column":12},"end":{"line":145,"column":13},"skip":true}]},"14":{"line":147,"type":"binary-expr","locations":[{"start":{"line":147,"column":42},"end":{"line":147,"column":73},"skip":true},{"start":{"line":147,"column":77},"end":{"line":156,"column":9},"skip":true}]},"15":{"line":158,"type":"binary-expr","locations":[{"start":{"line":158,"column":45},"end":{"line":158,"column":79},"skip":true},{"start":{"line":158,"column":83},"end":{"line":167,"column":9},"skip":true}]},"16":{"line":169,"type":"binary-expr","locations":[{"start":{"line":169,"column":43},"end":{"line":169,"column":75},"skip":true},{"start":{"line":169,"column":79},"end":{"line":178,"column":9},"skip":true}]},"17":{"line":180,"type":"binary-expr","locations":[{"start":{"line":180,"column":41},"end":{"line":180,"column":71},"skip":true},{"start":{"line":180,"column":75},"end":{"line":189,"column":9},"skip":true}]}},"code":["/* istanbul instrument in package npmtest_npm_registry_client */","/*jslint","    bitwise: true,","    browser: true,","    maxerr: 8,","    maxlen: 96,","    node: true,","    nomen: true,","    regexp: true,","    stupid: true","*/","(function () {","    'use strict';","    var local;","","","","    // run shared js-env code - pre-init","    (function () {","        // init local","        local = {};","        // init modeJs","        local.modeJs = (function () {","            try {","                return typeof navigator.userAgent === 'string' &&","                    typeof document.querySelector('body') === 'object' &&","                    typeof XMLHttpRequest.prototype.open === 'function' &&","                    'browser';","            } catch (errorCaughtBrowser) {","                return module.exports &&","                    typeof process.versions.node === 'string' &&","                    typeof require('http').createServer === 'function' &&","                    'node';","            }","        }());","        // init global","        local.global = local.modeJs === 'browser'","            ? window","            : global;","        switch (local.modeJs) {","        // re-init local from window.local","        case 'browser':","            local = local.global.utility2.objectSetDefault(","                local.global.utility2_rollup || local.global.local,","                local.global.utility2","            );","            break;","        // re-init local from example.js","        case 'node':","            local = (local.global.utility2_rollup || require('utility2'))","                .requireExampleJsFromReadme();","            break;","        }","        // export local","        local.global.local = local;","    }());","","","","    // run shared js-env code - function","    (function () {","        return;","    }());","    switch (local.modeJs) {","","","","    // run browser js-env code - function","    case 'browser':","        break;","","","","    // run node js-env code - function","    case 'node':","        break;","    }","","","","    // run shared js-env code - post-init","    (function () {","        return;","    }());","    switch (local.modeJs) {","","","","    // run browser js-env code - post-init","    case 'browser':","        local.testCase_browser_nullCase = local.testCase_browser_nullCase || function (","            options,","            onError","        ) {","        /*","         * this function will test browsers's null-case handling-behavior-behavior","         */","            onError(null, options);","        };","","        // run tests","        local.nop(local.modeTest &&","            document.querySelector('#testRunButton1') &&","            document.querySelector('#testRunButton1').click());","        break;","","","","    // run node js-env code - post-init","    /* istanbul ignore next */","    case 'node':","        local.testCase_buildApidoc_default = local.testCase_buildApidoc_default || function (","            options,","            onError","        ) {","        /*","         * this function will test buildApidoc's default handling-behavior-behavior","         */","            options = { modulePathList: module.paths };","            local.buildApidoc(options, onError);","        };","","        local.testCase_buildApp_default = local.testCase_buildApp_default || function (","            options,","            onError","        ) {","        /*","         * this function will test buildApp's default handling-behavior-behavior","         */","            local.testCase_buildReadme_default(options, local.onErrorThrow);","            local.testCase_buildLib_default(options, local.onErrorThrow);","            local.testCase_buildTest_default(options, local.onErrorThrow);","            local.testCase_buildCustomOrg_default(options, local.onErrorThrow);","            options = [];","            local.buildApp(options, onError);","        };","","        local.testCase_buildCustomOrg_default = local.testCase_buildCustomOrg_default ||","            function (options, onError) {","            /*","             * this function will test buildCustomOrg's default handling-behavior","             */","                options = {};","                local.buildCustomOrg(options, onError);","            };","","        local.testCase_buildLib_default = local.testCase_buildLib_default || function (","            options,","            onError","        ) {","        /*","         * this function will test buildLib's default handling-behavior","         */","            options = {};","            local.buildLib(options, onError);","        };","","        local.testCase_buildReadme_default = local.testCase_buildReadme_default || function (","            options,","            onError","        ) {","        /*","         * this function will test buildReadme's default handling-behavior-behavior","         */","            options = {};","            local.buildReadme(options, onError);","        };","","        local.testCase_buildTest_default = local.testCase_buildTest_default || function (","            options,","            onError","        ) {","        /*","         * this function will test buildTest's default handling-behavior","         */","            options = {};","            local.buildTest(options, onError);","        };","","        local.testCase_webpage_default = local.testCase_webpage_default || function (","            options,","            onError","        ) {","        /*","         * this function will test webpage's default handling-behavior","         */","            options = { modeCoverageMerge: true, url: local.serverLocalHost + '?modeTest=1' };","            local.browserTest(options, onError);","        };","","        // run test-server","        local.testRunServer(local);","        break;","    }","}());",""],"l":{"12":2,"14":2,"19":2,"21":2,"23":2,"24":2,"25":2,"30":1,"37":2,"40":2,"43":1,"47":1,"50":1,"52":1,"55":2,"61":2,"62":2,"64":2,"70":1,"76":1,"82":2,"83":2,"85":2,"91":1,"98":1,"102":1,"105":1,"112":1,"119":1,"120":1,"123":1,"130":1,"131":1,"132":1,"133":1,"134":1,"135":1,"138":1,"143":2,"144":2,"147":1,"154":2,"155":2,"158":1,"165":2,"166":2,"169":1,"176":2,"177":2,"180":1,"187":1,"188":1,"192":1,"193":1}},"/home/travis/build/npmtest/node-npmtest-npm-registry-client/lib.npmtest_npm_registry_client.js":{"path":"/home/travis/build/npmtest/node-npmtest-npm-registry-client/lib.npmtest_npm_registry_client.js","s":{"1":2,"2":2,"3":2,"4":2,"5":2,"6":2,"7":2,"8":1,"9":2,"10":2,"11":2,"12":2,"13":1,"14":1,"15":1,"16":1},"b":{"1":[2,1,1,1],"2":[1,1,1,1],"3":[1,1],"4":[2,2],"5":[1,1]},"f":{"1":2,"2":2,"3":2},"fnMap":{"1":{"name":"(anonymous_1)","line":12,"loc":{"start":{"line":12,"column":1},"end":{"line":12,"column":13}}},"2":{"name":"(anonymous_2)","line":19,"loc":{"start":{"line":19,"column":5},"end":{"line":19,"column":17}}},"3":{"name":"(anonymous_3)","line":23,"loc":{"start":{"line":23,"column":24},"end":{"line":23,"column":36}}}},"statementMap":{"1":{"start":{"line":12,"column":0},"end":{"line":53,"column":5}},"2":{"start":{"line":14,"column":4},"end":{"line":14,"column":14}},"3":{"start":{"line":19,"column":4},"end":{"line":52,"column":9}},"4":{"start":{"line":21,"column":8},"end":{"line":21,"column":19}},"5":{"start":{"line":23,"column":8},"end":{"line":35,"column":13}},"6":{"start":{"line":24,"column":12},"end":{"line":34,"column":13}},"7":{"start":{"line":25,"column":16},"end":{"line":28,"column":30}},"8":{"start":{"line":30,"column":16},"end":{"line":33,"column":27}},"9":{"start":{"line":37,"column":8},"end":{"line":39,"column":21}},"10":{"start":{"line":41,"column":8},"end":{"line":41,"column":54}},"11":{"start":{"line":43,"column":8},"end":{"line":43,"column":64}},"12":{"start":{"line":45,"column":8},"end":{"line":51,"column":9}},"13":{"start":{"line":46,"column":12},"end":{"line":46,"column":70}},"14":{"start":{"line":48,"column":12},"end":{"line":48,"column":35}},"15":{"start":{"line":49,"column":12},"end":{"line":49,"column":49}},"16":{"start":{"line":50,"column":12},"end":{"line":50,"column":43}}},"branchMap":{"1":{"line":25,"type":"binary-expr","locations":[{"start":{"line":25,"column":23},"end":{"line":25,"column":62}},{"start":{"line":26,"column":20},"end":{"line":26,"column":70}},{"start":{"line":27,"column":20},"end":{"line":27,"column":71}},{"start":{"line":28,"column":20},"end":{"line":28,"column":29}}]},"2":{"line":30,"type":"binary-expr","locations":[{"start":{"line":30,"column":23},"end":{"line":30,"column":37}},{"start":{"line":31,"column":20},"end":{"line":31,"column":61}},{"start":{"line":32,"column":20},"end":{"line":32,"column":70}},{"start":{"line":33,"column":20},"end":{"line":33,"column":26}}]},"3":{"line":37,"type":"cond-expr","locations":[{"start":{"line":38,"column":14},"end":{"line":38,"column":20}},{"start":{"line":39,"column":14},"end":{"line":39,"column":20}}]},"4":{"line":41,"type":"binary-expr","locations":[{"start":{"line":41,"column":16},"end":{"line":41,"column":44}},{"start":{"line":41,"column":48},"end":{"line":41,"column":53}}]},"5":{"line":45,"type":"if","locations":[{"start":{"line":45,"column":8},"end":{"line":45,"column":8}},{"start":{"line":45,"column":8},"end":{"line":45,"column":8}}]}},"code":["/* istanbul instrument in package npmtest_npm_registry_client */","/*jslint","    bitwise: true,","    browser: true,","    maxerr: 8,","    maxlen: 96,","    node: true,","    nomen: true,","    regexp: true,","    stupid: true","*/","(function () {","    'use strict';","    var local;","","","","    // run shared js-env code - pre-init","    (function () {","        // init local","        local = {};","        // init modeJs","        local.modeJs = (function () {","            try {","                return typeof navigator.userAgent === 'string' &&","                    typeof document.querySelector('body') === 'object' &&","                    typeof XMLHttpRequest.prototype.open === 'function' &&","                    'browser';","            } catch (errorCaughtBrowser) {","                return module.exports &&","                    typeof process.versions.node === 'string' &&","                    typeof require('http').createServer === 'function' &&","                    'node';","            }","        }());","        // init global","        local.global = local.modeJs === 'browser'","            ? window","            : global;","        // init utility2_rollup","        local = local.global.utility2_rollup || local;","        // init lib","        local.local = local.npmtest_npm_registry_client = local;","        // init exports","        if (local.modeJs === 'browser') {","            local.global.utility2_npmtest_npm_registry_client = local;","        } else {","            module.exports = local;","            module.exports.__dirname = __dirname;","            module.exports.module = module;","        }","    }());","}());",""],"l":{"12":2,"14":2,"19":2,"21":2,"23":2,"24":2,"25":2,"30":1,"37":2,"41":2,"43":2,"45":2,"46":1,"48":1,"49":1,"50":1}},"/home/travis/build/npmtest/node-npmtest-npm-registry-client/example.js":{"path":"/home/travis/build/npmtest/node-npmtest-npm-registry-client/example.js","s":{"1":2,"2":2,"3":2,"4":2,"5":2,"6":2,"7":2,"8":1,"9":2,"10":2,"11":2,"12":2,"13":1,"14":2,"15":2,"16":2,"17":2,"18":2,"19":0,"20":2,"21":1,"22":1,"23":1,"24":1,"25":1,"26":0,"27":0,"28":1,"29":1,"30":2,"31":0,"32":0,"33":0,"34":1,"35":2,"36":2,"37":3,"38":3,"39":3,"40":3,"41":0,"42":3,"43":3,"44":3,"45":1,"46":3,"47":1,"48":1,"49":1,"50":1,"51":1,"52":1,"53":1,"54":1,"55":1,"56":1,"57":0,"58":1,"59":6,"60":6,"61":1,"62":2,"63":0,"64":2,"65":1,"66":1,"67":0,"68":0,"69":0,"70":0,"71":0,"72":0,"73":0,"74":0,"75":0,"76":0,"77":0,"78":0,"79":0,"80":0,"81":0,"82":0,"83":0},"b":{"1":[2,1,1,1],"2":[1,1,1,1],"3":[1,1],"4":[2,2],"5":[1,1],"6":[1,1],"7":[2,0],"8":[2,1,1,1,1,1],"9":[0,2,0],"10":[1,1],"11":[2,1,1],"12":[1,0],"13":[0,2],"14":[2,0,0,0,0,0,0],"15":[0,3],"16":[3,0],"17":[1,1],"18":[0,1],"19":[1,2,0,2],"20":[1,0],"21":[1,1],"22":[0,0],"23":[0,0],"24":[0,0],"25":[0,0],"26":[0,0],"27":[0,0],"28":[0,0]},"f":{"1":2,"2":2,"3":2,"4":2,"5":2,"6":2,"7":3,"8":3,"9":3,"10":1,"11":6,"12":0},"fnMap":{"1":{"name":"(anonymous_1)","line":26,"loc":{"start":{"line":26,"column":1},"end":{"line":26,"column":13}}},"2":{"name":"(anonymous_2)","line":33,"loc":{"start":{"line":33,"column":5},"end":{"line":33,"column":17}}},"3":{"name":"(anonymous_3)","line":37,"loc":{"start":{"line":37,"column":24},"end":{"line":37,"column":36}}},"4":{"name":"(anonymous_4)","line":69,"loc":{"start":{"line":69,"column":31},"end":{"line":69,"column":48}},"skip":true},"5":{"name":"(anonymous_5)","line":78,"loc":{"start":{"line":78,"column":26},"end":{"line":78,"column":45}},"skip":true},"6":{"name":"(anonymous_6)","line":123,"loc":{"start":{"line":123,"column":33},"end":{"line":123,"column":48}},"skip":true},"7":{"name":"(anonymous_7)","line":125,"loc":{"start":{"line":125,"column":27},"end":{"line":125,"column":39}},"skip":true},"8":{"name":"(anonymous_8)","line":133,"loc":{"start":{"line":133,"column":59},"end":{"line":133,"column":74}},"skip":true},"9":{"name":"(anonymous_9)","line":143,"loc":{"start":{"line":143,"column":45},"end":{"line":143,"column":62}},"skip":true},"10":{"name":"(anonymous_10)","line":144,"loc":{"start":{"line":144,"column":73},"end":{"line":144,"column":92}},"skip":true},"11":{"name":"(anonymous_11)","line":272,"loc":{"start":{"line":272,"column":51},"end":{"line":272,"column":77}},"skip":true},"12":{"name":"(anonymous_12)","line":315,"loc":{"start":{"line":315,"column":32},"end":{"line":315,"column":61}},"skip":true}},"statementMap":{"1":{"start":{"line":26,"column":0},"end":{"line":326,"column":5}},"2":{"start":{"line":28,"column":4},"end":{"line":28,"column":14}},"3":{"start":{"line":33,"column":4},"end":{"line":60,"column":9}},"4":{"start":{"line":35,"column":8},"end":{"line":35,"column":19}},"5":{"start":{"line":37,"column":8},"end":{"line":49,"column":13}},"6":{"start":{"line":38,"column":12},"end":{"line":48,"column":13}},"7":{"start":{"line":39,"column":16},"end":{"line":42,"column":30}},"8":{"start":{"line":44,"column":16},"end":{"line":47,"column":27}},"9":{"start":{"line":51,"column":8},"end":{"line":53,"column":21}},"10":{"start":{"line":55,"column":8},"end":{"line":57,"column":45}},"11":{"start":{"line":59,"column":8},"end":{"line":59,"column":35}},"12":{"start":{"line":61,"column":4},"end":{"line":325,"column":5}},"13":{"start":{"line":69,"column":8},"end":{"line":121,"column":10},"skip":true},"14":{"start":{"line":70,"column":12},"end":{"line":88,"column":13},"skip":true},"15":{"start":{"line":76,"column":16},"end":{"line":87,"column":19},"skip":true},"16":{"start":{"line":79,"column":20},"end":{"line":86,"column":21},"skip":true},"17":{"start":{"line":82,"column":24},"end":{"line":82,"column":43},"skip":true},"18":{"start":{"line":83,"column":24},"end":{"line":83,"column":30},"skip":true},"19":{"start":{"line":85,"column":24},"end":{"line":85,"column":49},"skip":true},"20":{"start":{"line":89,"column":12},"end":{"line":107,"column":13},"skip":true},"21":{"start":{"line":92,"column":16},"end":{"line":102,"column":17},"skip":true},"22":{"start":{"line":93,"column":20},"end":{"line":93,"column":86},"skip":true},"23":{"start":{"line":94,"column":20},"end":{"line":95,"column":45},"skip":true},"24":{"start":{"line":96,"column":20},"end":{"line":96,"column":42},"skip":true},"25":{"start":{"line":97,"column":20},"end":{"line":97,"column":48},"skip":true},"26":{"start":{"line":100,"column":20},"end":{"line":100,"column":85},"skip":true},"27":{"start":{"line":101,"column":20},"end":{"line":101,"column":96},"skip":true},"28":{"start":{"line":103,"column":16},"end":{"line":103,"column":22},"skip":true},"29":{"start":{"line":106,"column":16},"end":{"line":106,"column":22},"skip":true},"30":{"start":{"line":108,"column":12},"end":{"line":120,"column":13},"skip":true},"31":{"start":{"line":114,"column":16},"end":{"line":119,"column":17},"skip":true},"32":{"start":{"line":116,"column":20},"end":{"line":116,"column":78},"skip":true},"33":{"start":{"line":118,"column":20},"end":{"line":118,"column":47},"skip":true},"34":{"start":{"line":123,"column":8},"end":{"line":141,"column":11},"skip":true},"35":{"start":{"line":124,"column":12},"end":{"line":124,"column":54},"skip":true},"36":{"start":{"line":125,"column":12},"end":{"line":140,"column":14},"skip":true},"37":{"start":{"line":126,"column":16},"end":{"line":126,"column":28},"skip":true},"38":{"start":{"line":127,"column":16},"end":{"line":127,"column":69},"skip":true},"39":{"start":{"line":128,"column":16},"end":{"line":128,"column":75},"skip":true},"40":{"start":{"line":129,"column":16},"end":{"line":131,"column":17},"skip":true},"41":{"start":{"line":130,"column":20},"end":{"line":130,"column":27},"skip":true},"42":{"start":{"line":133,"column":16},"end":{"line":137,"column":36},"skip":true},"43":{"start":{"line":134,"column":20},"end":{"line":136,"column":55},"skip":true},"44":{"start":{"line":139,"column":16},"end":{"line":139,"column":57},"skip":true},"45":{"start":{"line":143,"column":8},"end":{"line":147,"column":11},"skip":true},"46":{"start":{"line":144,"column":12},"end":{"line":146,"column":15},"skip":true},"47":{"start":{"line":145,"column":16},"end":{"line":145,"column":70},"skip":true},"48":{"start":{"line":149,"column":8},"end":{"line":149,"column":31},"skip":true},"49":{"start":{"line":150,"column":8},"end":{"line":150,"column":14},"skip":true},"50":{"start":{"line":158,"column":8},"end":{"line":158,"column":31},"skip":true},"51":{"start":{"line":160,"column":8},"end":{"line":160,"column":33},"skip":true},"52":{"start":{"line":161,"column":8},"end":{"line":161,"column":37},"skip":true},"53":{"start":{"line":162,"column":8},"end":{"line":162,"column":35},"skip":true},"54":{"start":{"line":164,"column":8},"end":{"line":164,"column":50},"skip":true},"55":{"start":{"line":166,"column":8},"end":{"line":256,"column":2},"skip":true},"56":{"start":{"line":258,"column":8},"end":{"line":286,"column":9},"skip":true},"57":{"start":{"line":259,"column":12},"end":{"line":269,"column":14},"skip":true},"58":{"start":{"line":271,"column":12},"end":{"line":285,"column":19},"skip":true},"59":{"start":{"line":274,"column":20},"end":{"line":274,"column":35},"skip":true},"60":{"start":{"line":275,"column":20},"end":{"line":284,"column":21},"skip":true},"61":{"start":{"line":277,"column":24},"end":{"line":277,"column":64},"skip":true},"62":{"start":{"line":279,"column":24},"end":{"line":279,"column":40},"skip":true},"63":{"start":{"line":281,"column":24},"end":{"line":281,"column":40},"skip":true},"64":{"start":{"line":283,"column":24},"end":{"line":283,"column":39},"skip":true},"65":{"start":{"line":288,"column":8},"end":{"line":290,"column":9},"skip":true},"66":{"start":{"line":289,"column":12},"end":{"line":289,"column":18},"skip":true},"67":{"start":{"line":291,"column":8},"end":{"line":293,"column":54},"skip":true},"68":{"start":{"line":296,"column":8},"end":{"line":301,"column":37},"skip":true},"69":{"start":{"line":303,"column":8},"end":{"line":303,"column":82},"skip":true},"70":{"start":{"line":306,"column":8},"end":{"line":308,"column":9},"skip":true},"71":{"start":{"line":307,"column":12},"end":{"line":307,"column":82},"skip":true},"72":{"start":{"line":310,"column":8},"end":{"line":312,"column":9},"skip":true},"73":{"start":{"line":311,"column":12},"end":{"line":311,"column":18},"skip":true},"74":{"start":{"line":313,"column":8},"end":{"line":313,"column":54},"skip":true},"75":{"start":{"line":314,"column":8},"end":{"line":314,"column":69},"skip":true},"76":{"start":{"line":315,"column":8},"end":{"line":323,"column":36},"skip":true},"77":{"start":{"line":316,"column":12},"end":{"line":316,"column":61},"skip":true},"78":{"start":{"line":317,"column":12},"end":{"line":320,"column":13},"skip":true},"79":{"start":{"line":318,"column":16},"end":{"line":318,"column":75},"skip":true},"80":{"start":{"line":319,"column":16},"end":{"line":319,"column":23},"skip":true},"81":{"start":{"line":321,"column":12},"end":{"line":321,"column":38},"skip":true},"82":{"start":{"line":322,"column":12},"end":{"line":322,"column":27},"skip":true},"83":{"start":{"line":324,"column":8},"end":{"line":324,"column":14},"skip":true}},"branchMap":{"1":{"line":39,"type":"binary-expr","locations":[{"start":{"line":39,"column":23},"end":{"line":39,"column":62}},{"start":{"line":40,"column":20},"end":{"line":40,"column":70}},{"start":{"line":41,"column":20},"end":{"line":41,"column":71}},{"start":{"line":42,"column":20},"end":{"line":42,"column":29}}]},"2":{"line":44,"type":"binary-expr","locations":[{"start":{"line":44,"column":23},"end":{"line":44,"column":37}},{"start":{"line":45,"column":20},"end":{"line":45,"column":61}},{"start":{"line":46,"column":20},"end":{"line":46,"column":70}},{"start":{"line":47,"column":20},"end":{"line":47,"column":26}}]},"3":{"line":51,"type":"cond-expr","locations":[{"start":{"line":52,"column":14},"end":{"line":52,"column":20}},{"start":{"line":53,"column":14},"end":{"line":53,"column":20}}]},"4":{"line":55,"type":"binary-expr","locations":[{"start":{"line":55,"column":16},"end":{"line":55,"column":44}},{"start":{"line":55,"column":49},"end":{"line":57,"column":43}}]},"5":{"line":55,"type":"cond-expr","locations":[{"start":{"line":56,"column":14},"end":{"line":56,"column":63}},{"start":{"line":57,"column":14},"end":{"line":57,"column":43}}]},"6":{"line":61,"type":"switch","locations":[{"start":{"line":68,"column":4},"end":{"line":150,"column":14},"skip":true},{"start":{"line":156,"column":4},"end":{"line":324,"column":14},"skip":true}]},"7":{"line":70,"type":"if","locations":[{"start":{"line":70,"column":12},"end":{"line":70,"column":12},"skip":true},{"start":{"line":70,"column":12},"end":{"line":70,"column":12},"skip":true}]},"8":{"line":70,"type":"binary-expr","locations":[{"start":{"line":70,"column":16},"end":{"line":70,"column":22},"skip":true},{"start":{"line":70,"column":27},"end":{"line":70,"column":32},"skip":true},{"start":{"line":71,"column":20},"end":{"line":71,"column":39},"skip":true},{"start":{"line":72,"column":20},"end":{"line":72,"column":49},"skip":true},{"start":{"line":73,"column":20},"end":{"line":73,"column":58},"skip":true},{"start":{"line":74,"column":20},"end":{"line":74,"column":69},"skip":true}]},"9":{"line":79,"type":"switch","locations":[{"start":{"line":80,"column":20},"end":{"line":80,"column":33},"skip":true},{"start":{"line":81,"column":20},"end":{"line":83,"column":30},"skip":true},{"start":{"line":84,"column":20},"end":{"line":85,"column":49},"skip":true}]},"10":{"line":89,"type":"switch","locations":[{"start":{"line":90,"column":12},"end":{"line":103,"column":22},"skip":true},{"start":{"line":105,"column":12},"end":{"line":106,"column":22},"skip":true}]},"11":{"line":89,"type":"binary-expr","locations":[{"start":{"line":89,"column":20},"end":{"line":89,"column":25},"skip":true},{"start":{"line":89,"column":29},"end":{"line":89,"column":48},"skip":true},{"start":{"line":89,"column":52},"end":{"line":89,"column":74},"skip":true}]},"12":{"line":92,"type":"if","locations":[{"start":{"line":92,"column":16},"end":{"line":92,"column":16},"skip":true},{"start":{"line":92,"column":16},"end":{"line":92,"column":16},"skip":true}]},"13":{"line":108,"type":"if","locations":[{"start":{"line":108,"column":12},"end":{"line":108,"column":12},"skip":true},{"start":{"line":108,"column":12},"end":{"line":108,"column":12},"skip":true}]},"14":{"line":108,"type":"binary-expr","locations":[{"start":{"line":108,"column":16},"end":{"line":108,"column":61},"skip":true},{"start":{"line":108,"column":66},"end":{"line":108,"column":72},"skip":true},{"start":{"line":108,"column":77},"end":{"line":108,"column":82},"skip":true},{"start":{"line":109,"column":20},"end":{"line":109,"column":39},"skip":true},{"start":{"line":110,"column":20},"end":{"line":110,"column":49},"skip":true},{"start":{"line":111,"column":20},"end":{"line":111,"column":58},"skip":true},{"start":{"line":112,"column":20},"end":{"line":112,"column":68},"skip":true}]},"15":{"line":129,"type":"if","locations":[{"start":{"line":129,"column":16},"end":{"line":129,"column":16},"skip":true},{"start":{"line":129,"column":16},"end":{"line":129,"column":16},"skip":true}]},"16":{"line":134,"type":"cond-expr","locations":[{"start":{"line":135,"column":26},"end":{"line":135,"column":29},"skip":true},{"start":{"line":136,"column":26},"end":{"line":136,"column":54},"skip":true}]},"17":{"line":164,"type":"binary-expr","locations":[{"start":{"line":164,"column":27},"end":{"line":164,"column":43},"skip":true},{"start":{"line":164,"column":47},"end":{"line":164,"column":49},"skip":true}]},"18":{"line":258,"type":"if","locations":[{"start":{"line":258,"column":8},"end":{"line":258,"column":8},"skip":true},{"start":{"line":258,"column":8},"end":{"line":258,"column":8},"skip":true}]},"19":{"line":275,"type":"switch","locations":[{"start":{"line":276,"column":20},"end":{"line":277,"column":64},"skip":true},{"start":{"line":278,"column":20},"end":{"line":279,"column":40},"skip":true},{"start":{"line":280,"column":20},"end":{"line":281,"column":40},"skip":true},{"start":{"line":282,"column":20},"end":{"line":283,"column":39},"skip":true}]},"20":{"line":288,"type":"if","locations":[{"start":{"line":288,"column":8},"end":{"line":288,"column":8},"skip":true},{"start":{"line":288,"column":8},"end":{"line":288,"column":8},"skip":true}]},"21":{"line":288,"type":"binary-expr","locations":[{"start":{"line":288,"column":12},"end":{"line":288,"column":40},"skip":true},{"start":{"line":288,"column":44},"end":{"line":288,"column":67},"skip":true}]},"22":{"line":292,"type":"binary-expr","locations":[{"start":{"line":292,"column":12},"end":{"line":292,"column":50},"skip":true},{"start":{"line":293,"column":12},"end":{"line":293,"column":53},"skip":true}]},"23":{"line":297,"type":"binary-expr","locations":[{"start":{"line":297,"column":12},"end":{"line":297,"column":77},"skip":true},{"start":{"line":298,"column":12},"end":{"line":301,"column":36},"skip":true}]},"24":{"line":303,"type":"binary-expr","locations":[{"start":{"line":303,"column":43},"end":{"line":303,"column":75},"skip":true},{"start":{"line":303,"column":79},"end":{"line":303,"column":81},"skip":true}]},"25":{"line":306,"type":"if","locations":[{"start":{"line":306,"column":8},"end":{"line":306,"column":8},"skip":true},{"start":{"line":306,"column":8},"end":{"line":306,"column":8},"skip":true}]},"26":{"line":310,"type":"if","locations":[{"start":{"line":310,"column":8},"end":{"line":310,"column":8},"skip":true},{"start":{"line":310,"column":8},"end":{"line":310,"column":8},"skip":true}]},"27":{"line":313,"type":"binary-expr","locations":[{"start":{"line":313,"column":27},"end":{"line":313,"column":43},"skip":true},{"start":{"line":313,"column":47},"end":{"line":313,"column":53},"skip":true}]},"28":{"line":317,"type":"if","locations":[{"start":{"line":317,"column":12},"end":{"line":317,"column":12},"skip":true},{"start":{"line":317,"column":12},"end":{"line":317,"column":12},"skip":true}]}},"code":["/*","example.js","","quickstart example","","instruction","    1. save this script as example.js","    2. run the shell command:","        $ npm install npmtest-npm-registry-client && PORT=8081 node example.js","    3. play with the browser-demo on http://127.0.0.1:8081","*/","","","","/* istanbul instrument in package npmtest_npm_registry_client */","/*jslint","    bitwise: true,","    browser: true,","    maxerr: 8,","    maxlen: 96,","    node: true,","    nomen: true,","    regexp: true,","    stupid: true","*/","(function () {","    'use strict';","    var local;","","","","    // run shared js-env code - pre-init","    (function () {","        // init local","        local = {};","        // init modeJs","        local.modeJs = (function () {","            try {","                return typeof navigator.userAgent === 'string' &&","                    typeof document.querySelector('body') === 'object' &&","                    typeof XMLHttpRequest.prototype.open === 'function' &&","                    'browser';","            } catch (errorCaughtBrowser) {","                return module.exports &&","                    typeof process.versions.node === 'string' &&","                    typeof require('http').createServer === 'function' &&","                    'node';","            }","        }());","        // init global","        local.global = local.modeJs === 'browser'","            ? window","            : global;","        // init utility2_rollup","        local = local.global.utility2_rollup || (local.modeJs === 'browser'","            ? local.global.utility2_npmtest_npm_registry_client","            : global.utility2_moduleExports);","        // export local","        local.global.local = local;","    }());","    switch (local.modeJs) {","","","","    // post-init","    // run browser js-env code - post-init","    /* istanbul ignore next */","    case 'browser':","        local.testRunBrowser = function (event) {","            if (!event || (event &&","                    event.currentTarget &&","                    event.currentTarget.className &&","                    event.currentTarget.className.includes &&","                    event.currentTarget.className.includes('onreset'))) {","                // reset output","                Array.from(","                    document.querySelectorAll('body > .resettable')","                ).forEach(function (element) {","                    switch (element.tagName) {","                    case 'INPUT':","                    case 'TEXTAREA':","                        element.value = '';","                        break;","                    default:","                        element.textContent = '';","                    }","                });","            }","            switch (event && event.currentTarget && event.currentTarget.id) {","            case 'testRunButton1':","                // show tests","                if (document.querySelector('#testReportDiv1').style.display === 'none') {","                    document.querySelector('#testReportDiv1').style.display = 'block';","                    document.querySelector('#testRunButton1').textContent =","                        'hide internal test';","                    local.modeTest = true;","                    local.testRunDefault(local);","                // hide tests","                } else {","                    document.querySelector('#testReportDiv1').style.display = 'none';","                    document.querySelector('#testRunButton1').textContent = 'run internal test';","                }","                break;","            // custom-case","            default:","                break;","            }","            if (document.querySelector('#inputTextareaEval1') && (!event || (event &&","                    event.currentTarget &&","                    event.currentTarget.className &&","                    event.currentTarget.className.includes &&","                    event.currentTarget.className.includes('oneval')))) {","                // try to eval input-code","                try {","                    /*jslint evil: true*/","                    eval(document.querySelector('#inputTextareaEval1').value);","                } catch (errorCaught) {","                    console.error(errorCaught);","                }","            }","        };","        // log stderr and stdout to #outputTextareaStdout1","        ['error', 'log'].forEach(function (key) {","            console[key + '_original'] = console[key];","            console[key] = function () {","                var element;","                console[key + '_original'].apply(console, arguments);","                element = document.querySelector('#outputTextareaStdout1');","                if (!element) {","                    return;","                }","                // append text to #outputTextareaStdout1","                element.value += Array.from(arguments).map(function (arg) {","                    return typeof arg === 'string'","                        ? arg","                        : JSON.stringify(arg, null, 4);","                }).join(' ') + '\\n';","                // scroll textarea to bottom","                element.scrollTop = element.scrollHeight;","            };","        });","        // init event-handling","        ['change', 'click', 'keyup'].forEach(function (event) {","            Array.from(document.querySelectorAll('.on' + event)).forEach(function (element) {","                element.addEventListener(event, local.testRunBrowser);","            });","        });","        // run tests","        local.testRunBrowser();","        break;","","","","    // run node js-env code - post-init","    /* istanbul ignore next */","    case 'node':","        // export local","        module.exports = local;","        // require modules","        local.fs = require('fs');","        local.http = require('http');","        local.url = require('url');","        // init assets","        local.assetsDict = local.assetsDict || {};","        /* jslint-ignore-begin */","        local.assetsDict['/assets.index.template.html'] = '\\","<!doctype html>\\n\\","<html lang=\"en\">\\n\\","<head>\\n\\","<meta charset=\"UTF-8\">\\n\\","<meta name=\"viewport\" content=\"width=device-width, initial-scale=1\">\\n\\","<title>{{env.npm_package_name}} (v{{env.npm_package_version}})</title>\\n\\","<style>\\n\\","/*csslint\\n\\","    box-sizing: false,\\n\\","    universal-selector: false\\n\\","*/\\n\\","* {\\n\\","    box-sizing: border-box;\\n\\","}\\n\\","body {\\n\\","    background: #dde;\\n\\","    font-family: Arial, Helvetica, sans-serif;\\n\\","    margin: 2rem;\\n\\","}\\n\\","body > * {\\n\\","    margin-bottom: 1rem;\\n\\","}\\n\\",".utility2FooterDiv {\\n\\","    margin-top: 20px;\\n\\","    text-align: center;\\n\\","}\\n\\","</style>\\n\\","<style>\\n\\","/*csslint\\n\\","*/\\n\\","textarea {\\n\\","    font-family: monospace;\\n\\","    height: 10rem;\\n\\","    width: 100%;\\n\\","}\\n\\","textarea[readonly] {\\n\\","    background: #ddd;\\n\\","}\\n\\","</style>\\n\\","</head>\\n\\","<body>\\n\\","<!-- utility2-comment\\n\\","<div id=\"ajaxProgressDiv1\" style=\"background: #d00; height: 2px; left: 0; margin: 0; padding: 0; position: fixed; top: 0; transition: background 0.5s, width 1.5s; width: 25%;\"></div>\\n\\","utility2-comment -->\\n\\","<h1>\\n\\","<!-- utility2-comment\\n\\","    <a\\n\\","        {{#if env.npm_package_homepage}}\\n\\","        href=\"{{env.npm_package_homepage}}\"\\n\\","        {{/if env.npm_package_homepage}}\\n\\","        target=\"_blank\"\\n\\","    >\\n\\","utility2-comment -->\\n\\","        {{env.npm_package_name}} (v{{env.npm_package_version}})\\n\\","<!-- utility2-comment\\n\\","    </a>\\n\\","utility2-comment -->\\n\\","</h1>\\n\\","<h3>{{env.npm_package_description}}</h3>\\n\\","<!-- utility2-comment\\n\\","<h4><a download href=\"assets.app.js\">download standalone app</a></h4>\\n\\","<button class=\"onclick onreset\" id=\"testRunButton1\">run internal test</button><br>\\n\\","<div id=\"testReportDiv1\" style=\"display: none;\"></div>\\n\\","utility2-comment -->\\n\\","\\n\\","\\n\\","\\n\\","<label>stderr and stdout</label>\\n\\","<textarea class=\"resettable\" id=\"outputTextareaStdout1\" readonly></textarea>\\n\\","<!-- utility2-comment\\n\\","{{#if isRollup}}\\n\\","<script src=\"assets.app.js\"></script>\\n\\","{{#unless isRollup}}\\n\\","utility2-comment -->\\n\\","<script src=\"assets.utility2.rollup.js\"></script>\\n\\","<script src=\"jsonp.utility2._stateInit?callback=window.utility2._stateInit\"></script>\\n\\","<script src=\"assets.npmtest_npm_registry_client.rollup.js\"></script>\\n\\","<script src=\"assets.example.js\"></script>\\n\\","<script src=\"assets.test.js\"></script>\\n\\","<!-- utility2-comment\\n\\","{{/if isRollup}}\\n\\","utility2-comment -->\\n\\","<div class=\"utility2FooterDiv\">\\n\\","    [ this app was created with\\n\\","    <a href=\"https://github.com/kaizhu256/node-utility2\" target=\"_blank\">utility2</a>\\n\\","    ]\\n\\","</div>\\n\\","</body>\\n\\","</html>\\n\\","';","        /* jslint-ignore-end */","        if (local.templateRender) {","            local.assetsDict['/'] = local.templateRender(","                local.assetsDict['/assets.index.template.html'],","                {","                    env: local.objectSetDefault(local.env, {","                        npm_package_description: 'the greatest app in the world!',","                        npm_package_name: 'my-app',","                        npm_package_nameAlias: 'my_app',","                        npm_package_version: '0.0.1'","                    })","                }","            );","        } else {","            local.assetsDict['/'] = local.assetsDict['/assets.index.template.html']","                .replace((/\\{\\{env\\.(\\w+?)\\}\\}/g), function (match0, match1) {","                    // jslint-hack","                    String(match0);","                    switch (match1) {","                    case 'npm_package_description':","                        return 'the greatest app in the world!';","                    case 'npm_package_name':","                        return 'my-app';","                    case 'npm_package_nameAlias':","                        return 'my_app';","                    case 'npm_package_version':","                        return '0.0.1';","                    }","                });","        }","        // run the cli","        if (local.global.utility2_rollup || module !== require.main) {","            break;","        }","        local.assetsDict['/assets.example.js'] =","            local.assetsDict['/assets.example.js'] ||","            local.fs.readFileSync(__filename, 'utf8');","        // bug-workaround - long $npm_package_buildCustomOrg","        /* jslint-ignore-begin */","        local.assetsDict['/assets.npmtest_npm_registry_client.rollup.js'] =","            local.assetsDict['/assets.npmtest_npm_registry_client.rollup.js'] ||","            local.fs.readFileSync(","                local.npmtest_npm_registry_client.__dirname + '/lib.npmtest_npm_registry_client.js',","                'utf8'","            ).replace((/^#!/), '//');","        /* jslint-ignore-end */","        local.assetsDict['/favicon.ico'] = local.assetsDict['/favicon.ico'] || '';","        // if $npm_config_timeout_exit exists,","        // then exit this process after $npm_config_timeout_exit ms","        if (Number(process.env.npm_config_timeout_exit)) {","            setTimeout(process.exit, Number(process.env.npm_config_timeout_exit));","        }","        // start server","        if (local.global.utility2_serverHttp1) {","            break;","        }","        process.env.PORT = process.env.PORT || '8081';","        console.error('server starting on port ' + process.env.PORT);","        local.http.createServer(function (request, response) {","            request.urlParsed = local.url.parse(request.url);","            if (local.assetsDict[request.urlParsed.pathname] !== undefined) {","                response.end(local.assetsDict[request.urlParsed.pathname]);","                return;","            }","            response.statusCode = 404;","            response.end();","        }).listen(process.env.PORT);","        break;","    }","}());",""],"l":{"26":2,"28":2,"33":2,"35":2,"37":2,"38":2,"39":2,"44":1,"51":2,"55":2,"59":2,"61":2,"69":1,"70":2,"76":2,"79":2,"82":2,"83":2,"85":1,"89":2,"92":1,"93":1,"94":1,"96":1,"97":1,"100":1,"101":1,"103":1,"106":1,"108":2,"114":1,"116":1,"118":1,"123":1,"124":2,"125":2,"126":3,"127":3,"128":3,"129":3,"130":1,"133":3,"134":3,"139":3,"143":1,"144":3,"145":1,"149":1,"150":1,"158":1,"160":1,"161":1,"162":1,"164":1,"166":1,"258":1,"259":1,"271":1,"274":6,"275":6,"277":1,"279":2,"281":1,"283":2,"288":1,"289":1,"291":1,"296":1,"303":1,"306":1,"307":1,"310":1,"311":1,"313":1,"314":1,"315":1,"316":1,"317":1,"318":1,"319":1,"321":1,"322":1,"324":1}},"/home/travis/build/npmtest/node-npmtest-npm-registry-client/node_modules/npm-registry-client/index.js":{"path":"/home/travis/build/npmtest/node-npmtest-npm-registry-client/node_modules/npm-registry-client/index.js","s":{"1":1,"2":1,"3":1,"4":1,"5":0,"6":1,"7":1,"8":0,"9":0,"10":0,"11":0,"12":0,"13":0,"14":0,"15":0,"16":0,"17":0,"18":0,"19":0,"20":0,"21":0,"22":0,"23":0,"24":0,"25":0,"26":0,"27":0,"28":0,"29":0,"30":0,"31":0,"32":0,"33":0,"34":0,"35":0,"36":0,"37":0,"38":0,"39":0,"40":0,"41":0,"42":0,"43":0,"44":0,"45":0,"46":0,"47":0,"48":0,"49":0,"50":0,"51":0,"52":0,"53":0,"54":0,"55":0},"b":{"1":[0,0],"2":[0,0],"3":[0,0],"4":[0,0],"5":[0,0],"6":[0,0],"7":[0,0],"8":[0,0],"9":[0,0],"10":[0,0],"11":[0,0],"12":[0,0],"13":[0,0],"14":[0,0],"15":[0,0]},"f":{"1":0,"2":0},"fnMap":{"1":{"name":"noop","line":21,"loc":{"start":{"line":21,"column":0},"end":{"line":21,"column":17}}},"2":{"name":"RegClient","line":23,"loc":{"start":{"line":23,"column":0},"end":{"line":23,"column":28}}}},"statementMap":{"1":{"start":{"line":3,"column":0},"end":{"line":3,"column":26}},"2":{"start":{"line":5,"column":0},"end":{"line":5,"column":10}},"3":{"start":{"line":6,"column":0},"end":{"line":19,"column":1}},"4":{"start":{"line":7,"column":2},"end":{"line":7,"column":28}},"5":{"start":{"line":9,"column":2},"end":{"line":18,"column":3}},"6":{"start":{"line":21,"column":0},"end":{"line":21,"column":19}},"7":{"start":{"line":23,"column":0},"end":{"line":73,"column":1}},"8":{"start":{"line":24,"column":2},"end":{"line":24,"column":43}},"9":{"start":{"line":26,"column":2},"end":{"line":26,"column":45}},"10":{"start":{"line":27,"column":2},"end":{"line":29,"column":3}},"11":{"start":{"line":28,"column":4},"end":{"line":28,"column":52}},"12":{"start":{"line":31,"column":2},"end":{"line":31,"column":41}},"13":{"start":{"line":32,"column":2},"end":{"line":32,"column":73}},"14":{"start":{"line":32,"column":44},"end":{"line":32,"column":73}},"15":{"start":{"line":34,"column":2},"end":{"line":34,"column":45}},"16":{"start":{"line":35,"column":2},"end":{"line":35,"column":82}},"17":{"start":{"line":35,"column":53},"end":{"line":35,"column":82}},"18":{"start":{"line":36,"column":2},"end":{"line":36,"column":81}},"19":{"start":{"line":36,"column":52},"end":{"line":36,"column":81}},"20":{"start":{"line":37,"column":2},"end":{"line":37,"column":92}},"21":{"start":{"line":37,"column":56},"end":{"line":37,"column":92}},"22":{"start":{"line":38,"column":2},"end":{"line":38,"column":92}},"23":{"start":{"line":38,"column":56},"end":{"line":38,"column":92}},"24":{"start":{"line":39,"column":2},"end":{"line":39,"column":77}},"25":{"start":{"line":39,"column":50},"end":{"line":39,"column":77}},"26":{"start":{"line":41,"column":2},"end":{"line":41,"column":76}},"27":{"start":{"line":42,"column":2},"end":{"line":42,"column":61}},"28":{"start":{"line":44,"column":2},"end":{"line":44,"column":38}},"29":{"start":{"line":45,"column":2},"end":{"line":45,"column":24}},"30":{"start":{"line":47,"column":2},"end":{"line":47,"column":19}},"31":{"start":{"line":48,"column":2},"end":{"line":48,"column":41}},"32":{"start":{"line":49,"column":2},"end":{"line":49,"column":43}},"33":{"start":{"line":50,"column":2},"end":{"line":50,"column":43}},"34":{"start":{"line":51,"column":2},"end":{"line":51,"column":43}},"35":{"start":{"line":52,"column":2},"end":{"line":52,"column":47}},"36":{"start":{"line":53,"column":2},"end":{"line":53,"column":41}},"37":{"start":{"line":54,"column":2},"end":{"line":54,"column":54}},"38":{"start":{"line":55,"column":2},"end":{"line":55,"column":58}},"39":{"start":{"line":56,"column":2},"end":{"line":56,"column":52}},"40":{"start":{"line":57,"column":2},"end":{"line":57,"column":54}},"41":{"start":{"line":58,"column":2},"end":{"line":58,"column":60}},"42":{"start":{"line":59,"column":2},"end":{"line":59,"column":39}},"43":{"start":{"line":60,"column":2},"end":{"line":60,"column":35}},"44":{"start":{"line":61,"column":2},"end":{"line":61,"column":49}},"45":{"start":{"line":62,"column":2},"end":{"line":62,"column":41}},"46":{"start":{"line":63,"column":2},"end":{"line":63,"column":37}},"47":{"start":{"line":64,"column":2},"end":{"line":64,"column":43}},"48":{"start":{"line":65,"column":2},"end":{"line":65,"column":43}},"49":{"start":{"line":66,"column":2},"end":{"line":66,"column":78}},"50":{"start":{"line":67,"column":2},"end":{"line":67,"column":37}},"51":{"start":{"line":68,"column":2},"end":{"line":68,"column":39}},"52":{"start":{"line":69,"column":2},"end":{"line":69,"column":35}},"53":{"start":{"line":70,"column":2},"end":{"line":70,"column":37}},"54":{"start":{"line":71,"column":2},"end":{"line":71,"column":47}},"55":{"start":{"line":72,"column":2},"end":{"line":72,"column":41}}},"branchMap":{"1":{"line":24,"type":"binary-expr","locations":[{"start":{"line":24,"column":30},"end":{"line":24,"column":36}},{"start":{"line":24,"column":40},"end":{"line":24,"column":42}}]},"2":{"line":26,"type":"binary-expr","locations":[{"start":{"line":26,"column":22},"end":{"line":26,"column":39}},{"start":{"line":26,"column":43},"end":{"line":26,"column":45}}]},"3":{"line":27,"type":"if","locations":[{"start":{"line":27,"column":2},"end":{"line":27,"column":2}},{"start":{"line":27,"column":2},"end":{"line":27,"column":2}}]},"4":{"line":27,"type":"binary-expr","locations":[{"start":{"line":27,"column":6},"end":{"line":27,"column":30}},{"start":{"line":27,"column":34},"end":{"line":27,"column":56}}]},"5":{"line":31,"type":"binary-expr","locations":[{"start":{"line":31,"column":20},"end":{"line":31,"column":35}},{"start":{"line":31,"column":39},"end":{"line":31,"column":41}}]},"6":{"line":32,"type":"if","locations":[{"start":{"line":32,"column":2},"end":{"line":32,"column":2}},{"start":{"line":32,"column":2},"end":{"line":32,"column":2}}]},"7":{"line":34,"type":"binary-expr","locations":[{"start":{"line":34,"column":22},"end":{"line":34,"column":39}},{"start":{"line":34,"column":43},"end":{"line":34,"column":45}}]},"8":{"line":35,"type":"if","locations":[{"start":{"line":35,"column":2},"end":{"line":35,"column":2}},{"start":{"line":35,"column":2},"end":{"line":35,"column":2}}]},"9":{"line":36,"type":"if","locations":[{"start":{"line":36,"column":2},"end":{"line":36,"column":2}},{"start":{"line":36,"column":2},"end":{"line":36,"column":2}}]},"10":{"line":37,"type":"if","locations":[{"start":{"line":37,"column":2},"end":{"line":37,"column":2}},{"start":{"line":37,"column":2},"end":{"line":37,"column":2}}]},"11":{"line":38,"type":"if","locations":[{"start":{"line":38,"column":2},"end":{"line":38,"column":2}},{"start":{"line":38,"column":2},"end":{"line":38,"column":2}}]},"12":{"line":39,"type":"if","locations":[{"start":{"line":39,"column":2},"end":{"line":39,"column":2}},{"start":{"line":39,"column":2},"end":{"line":39,"column":2}}]},"13":{"line":41,"type":"binary-expr","locations":[{"start":{"line":41,"column":26},"end":{"line":41,"column":47}},{"start":{"line":41,"column":51},"end":{"line":41,"column":76}}]},"14":{"line":42,"type":"binary-expr","locations":[{"start":{"line":42,"column":27},"end":{"line":42,"column":49}},{"start":{"line":42,"column":53},"end":{"line":42,"column":61}}]},"15":{"line":44,"type":"binary-expr","locations":[{"start":{"line":44,"column":13},"end":{"line":44,"column":28}},{"start":{"line":44,"column":32},"end":{"line":44,"column":38}}]}},"code":["// utilities for working with the js-registry site.","","module.exports = RegClient","","var npmlog","try {","  npmlog = require('npmlog')","} catch (er) {","  npmlog = {","    error: noop,","    warn: noop,","    info: noop,","    verbose: noop,","    silly: noop,","    http: noop,","    pause: noop,","    resume: noop","  }","}","","function noop () {}","","function RegClient (config) {","  this.config = Object.create(config || {})","","  this.config.proxy = this.config.proxy || {}","  if (!this.config.proxy.https && this.config.proxy.http) {","    this.config.proxy.https = this.config.proxy.http","  }","","  this.config.ssl = this.config.ssl || {}","  if (this.config.ssl.strict === undefined) this.config.ssl.strict = true","","  this.config.retry = this.config.retry || {}","  if (typeof this.config.retry.retries !== 'number') this.config.retry.retries = 2","  if (typeof this.config.retry.factor !== 'number') this.config.retry.factor = 10","  if (typeof this.config.retry.minTimeout !== 'number') this.config.retry.minTimeout = 10000","  if (typeof this.config.retry.maxTimeout !== 'number') this.config.retry.maxTimeout = 60000","  if (typeof this.config.maxSockets !== 'number') this.config.maxSockets = 50","","  this.config.userAgent = this.config.userAgent || 'node/' + process.version","  this.config.defaultTag = this.config.defaultTag || 'latest'","","  this.log = this.config.log || npmlog","  delete this.config.log","","  var client = this","  client.access = require('./lib/access')","  client.adduser = require('./lib/adduser')","  client.attempt = require('./lib/attempt')","  client.authify = require('./lib/authify')","  client.deprecate = require('./lib/deprecate')","  client.distTags = Object.create(client)","  client.distTags.add = require('./lib/dist-tags/add')","  client.distTags.fetch = require('./lib/dist-tags/fetch')","  client.distTags.rm = require('./lib/dist-tags/rm')","  client.distTags.set = require('./lib/dist-tags/set')","  client.distTags.update = require('./lib/dist-tags/update')","  client.fetch = require('./lib/fetch')","  client.get = require('./lib/get')","  client.initialize = require('./lib/initialize')","  client.logout = require('./lib/logout')","  client.ping = require('./lib/ping')","  client.publish = require('./lib/publish')","  client.request = require('./lib/request')","  client.sendAnonymousCLIMetrics = require('./lib/send-anonymous-CLI-metrics')","  client.star = require('./lib/star')","  client.stars = require('./lib/stars')","  client.tag = require('./lib/tag')","  client.team = require('./lib/team')","  client.unpublish = require('./lib/unpublish')","  client.whoami = require('./lib/whoami')","}",""],"l":{"3":1,"5":1,"6":1,"7":1,"9":0,"21":1,"23":1,"24":0,"26":0,"27":0,"28":0,"31":0,"32":0,"34":0,"35":0,"36":0,"37":0,"38":0,"39":0,"41":0,"42":0,"44":0,"45":0,"47":0,"48":0,"49":0,"50":0,"51":0,"52":0,"53":0,"54":0,"55":0,"56":0,"57":0,"58":0,"59":0,"60":0,"61":0,"62":0,"63":0,"64":0,"65":0,"66":0,"67":0,"68":0,"69":0,"70":0,"71":0,"72":0}},"/home/travis/build/npmtest/node-npmtest-npm-registry-client/node_modules/npm-registry-client/lib/access.js":{"path":"/home/travis/build/npmtest/node-npmtest-npm-registry-client/node_modules/npm-registry-client/lib/access.js","s":{"1":1,"2":1,"3":1,"4":1,"5":1,"6":1,"7":0,"8":0,"9":1,"10":0,"11":1,"12":0,"13":1,"14":0,"15":1,"16":0,"17":0,"18":1,"19":0,"20":0,"21":1,"22":0,"23":0,"24":0,"25":0,"26":0,"27":0,"28":0,"29":0,"30":1,"31":0,"32":0,"33":0,"34":0,"35":0,"36":0,"37":1,"38":0,"39":1,"40":0,"41":0,"42":0,"43":1,"44":0,"45":0,"46":0,"47":0,"48":0,"49":0,"50":0,"51":0,"52":0,"53":0,"54":0,"55":0,"56":1,"57":0,"58":0,"59":0,"60":1,"61":0,"62":1,"63":0,"64":0,"65":0,"66":0,"67":0,"68":0,"69":0,"70":0,"71":0},"b":{"1":[0,0],"2":[0,0],"3":[0,0],"4":[0,0,0],"5":[0,0],"6":[0,0],"7":[0,0],"8":[0,0],"9":[0,0],"10":[0,0],"11":[0,0],"12":[0,0],"13":[0,0],"14":[0,0],"15":[0,0]},"f":{"1":0,"2":0,"3":0,"4":0,"5":0,"6":0,"7":0,"8":0,"9":0,"10":0,"11":0,"12":0,"13":0,"14":0,"15":0,"16":0,"17":0,"18":0},"fnMap":{"1":{"name":"access","line":8,"loc":{"start":{"line":8,"column":0},"end":{"line":8,"column":39}}},"2":{"name":"(anonymous_2)","line":13,"loc":{"start":{"line":13,"column":21},"end":{"line":13,"column":48}}},"3":{"name":"(anonymous_3)","line":16,"loc":{"start":{"line":16,"column":25},"end":{"line":16,"column":52}}},"4":{"name":"setAccess","line":20,"loc":{"start":{"line":20,"column":0},"end":{"line":20,"column":45}}},"5":{"name":"(anonymous_5)","line":28,"loc":{"start":{"line":28,"column":20},"end":{"line":28,"column":47}}},"6":{"name":"(anonymous_6)","line":40,"loc":{"start":{"line":40,"column":21},"end":{"line":40,"column":48}}},"7":{"name":"(anonymous_7)","line":51,"loc":{"start":{"line":51,"column":29},"end":{"line":51,"column":62}}},"8":{"name":"(anonymous_8)","line":59,"loc":{"start":{"line":59,"column":5},"end":{"line":59,"column":27}}},"9":{"name":"(anonymous_9)","line":68,"loc":{"start":{"line":68,"column":34},"end":{"line":68,"column":61}}},"10":{"name":"(anonymous_10)","line":77,"loc":{"start":{"line":77,"column":5},"end":{"line":77,"column":27}}},"11":{"name":"(anonymous_11)","line":82,"loc":{"start":{"line":82,"column":19},"end":{"line":82,"column":31}}},"12":{"name":"apiUri","line":86,"loc":{"start":{"line":86,"column":0},"end":{"line":86,"column":30}}},"13":{"name":"(anonymous_13)","line":88,"loc":{"start":{"line":88,"column":12},"end":{"line":88,"column":25}}},"14":{"name":"accessAssertions","line":94,"loc":{"start":{"line":94,"column":0},"end":{"line":94,"column":56}}},"15":{"name":"typeChecks","line":125,"loc":{"start":{"line":125,"column":0},"end":{"line":125,"column":28}}},"16":{"name":"(anonymous_16)","line":126,"loc":{"start":{"line":126,"column":29},"end":{"line":126,"column":44}}},"17":{"name":"contains","line":134,"loc":{"start":{"line":134,"column":0},"end":{"line":134,"column":30}}},"18":{"name":"translatePermissions","line":138,"loc":{"start":{"line":138,"column":0},"end":{"line":138,"column":38}}}},"statementMap":{"1":{"start":{"line":1,"column":0},"end":{"line":1,"column":23}},"2":{"start":{"line":3,"column":0},"end":{"line":3,"column":30}},"3":{"start":{"line":4,"column":0},"end":{"line":4,"column":24}},"4":{"start":{"line":5,"column":0},"end":{"line":5,"column":36}},"5":{"start":{"line":6,"column":0},"end":{"line":6,"column":20}},"6":{"start":{"line":8,"column":0},"end":{"line":11,"column":1}},"7":{"start":{"line":9,"column":2},"end":{"line":9,"column":40}},"8":{"start":{"line":10,"column":2},"end":{"line":10,"column":53}},"9":{"start":{"line":13,"column":0},"end":{"line":15,"column":1}},"10":{"start":{"line":14,"column":2},"end":{"line":14,"column":56}},"11":{"start":{"line":16,"column":0},"end":{"line":18,"column":1}},"12":{"start":{"line":17,"column":2},"end":{"line":17,"column":60}},"13":{"start":{"line":20,"column":0},"end":{"line":26,"column":1}},"14":{"start":{"line":21,"column":2},"end":{"line":25,"column":8}},"15":{"start":{"line":28,"column":0},"end":{"line":38,"column":1}},"16":{"start":{"line":29,"column":2},"end":{"line":29,"column":72}},"17":{"start":{"line":30,"column":2},"end":{"line":37,"column":8}},"18":{"start":{"line":40,"column":0},"end":{"line":49,"column":1}},"19":{"start":{"line":41,"column":2},"end":{"line":41,"column":72}},"20":{"start":{"line":42,"column":2},"end":{"line":48,"column":8}},"21":{"start":{"line":51,"column":0},"end":{"line":66,"column":1}},"22":{"start":{"line":52,"column":2},"end":{"line":52,"column":47}},"23":{"start":{"line":53,"column":2},"end":{"line":53,"column":19}},"24":{"start":{"line":54,"column":2},"end":{"line":54,"column":31}},"25":{"start":{"line":55,"column":2},"end":{"line":55,"column":70}},"26":{"start":{"line":56,"column":2},"end":{"line":65,"column":4}},"27":{"start":{"line":60,"column":4},"end":{"line":64,"column":5}},"28":{"start":{"line":61,"column":6},"end":{"line":61,"column":70}},"29":{"start":{"line":63,"column":6},"end":{"line":63,"column":51}},"30":{"start":{"line":68,"column":0},"end":{"line":80,"column":1}},"31":{"start":{"line":69,"column":2},"end":{"line":69,"column":31}},"32":{"start":{"line":70,"column":2},"end":{"line":72,"column":3}},"33":{"start":{"line":71,"column":4},"end":{"line":71,"column":61}},"34":{"start":{"line":73,"column":2},"end":{"line":73,"column":70}},"35":{"start":{"line":74,"column":2},"end":{"line":79,"column":4}},"36":{"start":{"line":78,"column":4},"end":{"line":78,"column":49}},"37":{"start":{"line":82,"column":0},"end":{"line":84,"column":1}},"38":{"start":{"line":83,"column":2},"end":{"line":83,"column":59}},"39":{"start":{"line":86,"column":0},"end":{"line":92,"column":1}},"40":{"start":{"line":87,"column":2},"end":{"line":90,"column":14}},"41":{"start":{"line":88,"column":27},"end":{"line":88,"column":36}},"42":{"start":{"line":91,"column":2},"end":{"line":91,"column":46}},"43":{"start":{"line":94,"column":0},"end":{"line":123,"column":1}},"44":{"start":{"line":95,"column":2},"end":{"line":97,"column":45}},"45":{"start":{"line":98,"column":2},"end":{"line":103,"column":4}},"46":{"start":{"line":104,"column":2},"end":{"line":110,"column":3}},"47":{"start":{"line":107,"column":4},"end":{"line":107,"column":57}},"48":{"start":{"line":108,"column":4},"end":{"line":109,"column":69}},"49":{"start":{"line":111,"column":2},"end":{"line":113,"column":3}},"50":{"start":{"line":112,"column":4},"end":{"line":112,"column":53}},"51":{"start":{"line":114,"column":2},"end":{"line":116,"column":3}},"52":{"start":{"line":115,"column":4},"end":{"line":115,"column":51}},"53":{"start":{"line":117,"column":2},"end":{"line":122,"column":3}},"54":{"start":{"line":118,"column":4},"end":{"line":118,"column":65}},"55":{"start":{"line":119,"column":4},"end":{"line":121,"column":64}},"56":{"start":{"line":125,"column":0},"end":{"line":132,"column":1}},"57":{"start":{"line":126,"column":2},"end":{"line":131,"column":4}},"58":{"start":{"line":127,"column":4},"end":{"line":127,"column":27}},"59":{"start":{"line":129,"column":4},"end":{"line":130,"column":65}},"60":{"start":{"line":134,"column":0},"end":{"line":136,"column":1}},"61":{"start":{"line":135,"column":2},"end":{"line":135,"column":33}},"62":{"start":{"line":138,"column":0},"end":{"line":154,"column":1}},"63":{"start":{"line":139,"column":2},"end":{"line":139,"column":19}},"64":{"start":{"line":140,"column":2},"end":{"line":152,"column":3}},"65":{"start":{"line":141,"column":4},"end":{"line":151,"column":5}},"66":{"start":{"line":142,"column":6},"end":{"line":150,"column":7}},"67":{"start":{"line":143,"column":8},"end":{"line":143,"column":35}},"68":{"start":{"line":144,"column":13},"end":{"line":150,"column":7}},"69":{"start":{"line":145,"column":8},"end":{"line":145,"column":36}},"70":{"start":{"line":149,"column":8},"end":{"line":149,"column":34}},"71":{"start":{"line":153,"column":2},"end":{"line":153,"column":17}}},"branchMap":{"1":{"line":52,"type":"binary-expr","locations":[{"start":{"line":52,"column":9},"end":{"line":52,"column":13}},{"start":{"line":52,"column":18},"end":{"line":52,"column":46}}]},"2":{"line":52,"type":"cond-expr","locations":[{"start":{"line":52,"column":32},"end":{"line":52,"column":38}},{"start":{"line":52,"column":41},"end":{"line":52,"column":46}}]},"3":{"line":60,"type":"if","locations":[{"start":{"line":60,"column":4},"end":{"line":60,"column":4}},{"start":{"line":60,"column":4},"end":{"line":60,"column":4}}]},"4":{"line":60,"type":"binary-expr","locations":[{"start":{"line":60,"column":8},"end":{"line":60,"column":11}},{"start":{"line":60,"column":15},"end":{"line":60,"column":37}},{"start":{"line":60,"column":41},"end":{"line":60,"column":55}}]},"5":{"line":63,"type":"binary-expr","locations":[{"start":{"line":63,"column":14},"end":{"line":63,"column":19}},{"start":{"line":63,"column":23},"end":{"line":63,"column":50}}]},"6":{"line":70,"type":"if","locations":[{"start":{"line":70,"column":2},"end":{"line":70,"column":2}},{"start":{"line":70,"column":2},"end":{"line":70,"column":2}}]},"7":{"line":78,"type":"binary-expr","locations":[{"start":{"line":78,"column":12},"end":{"line":78,"column":17}},{"start":{"line":78,"column":21},"end":{"line":78,"column":48}}]},"8":{"line":104,"type":"if","locations":[{"start":{"line":104,"column":2},"end":{"line":104,"column":2}},{"start":{"line":104,"column":2},"end":{"line":104,"column":2}}]},"9":{"line":111,"type":"if","locations":[{"start":{"line":111,"column":2},"end":{"line":111,"column":2}},{"start":{"line":111,"column":2},"end":{"line":111,"column":2}}]},"10":{"line":114,"type":"if","locations":[{"start":{"line":114,"column":2},"end":{"line":114,"column":2}},{"start":{"line":114,"column":2},"end":{"line":114,"column":2}}]},"11":{"line":117,"type":"if","locations":[{"start":{"line":117,"column":2},"end":{"line":117,"column":2}},{"start":{"line":117,"column":2},"end":{"line":117,"column":2}}]},"12":{"line":119,"type":"binary-expr","locations":[{"start":{"line":119,"column":11},"end":{"line":119,"column":45}},{"start":{"line":120,"column":11},"end":{"line":120,"column":46}}]},"13":{"line":141,"type":"if","locations":[{"start":{"line":141,"column":4},"end":{"line":141,"column":4}},{"start":{"line":141,"column":4},"end":{"line":141,"column":4}}]},"14":{"line":142,"type":"if","locations":[{"start":{"line":142,"column":6},"end":{"line":142,"column":6}},{"start":{"line":142,"column":6},"end":{"line":142,"column":6}}]},"15":{"line":144,"type":"if","locations":[{"start":{"line":144,"column":13},"end":{"line":144,"column":13}},{"start":{"line":144,"column":13},"end":{"line":144,"column":13}}]}},"code":["module.exports = access","","var assert = require('assert')","var url = require('url')","var npa = require('npm-package-arg')","var subcommands = {}","","function access (sub, uri, params, cb) {","  accessAssertions(sub, uri, params, cb)","  return subcommands[sub].call(this, uri, params, cb)","}","","subcommands.public = function (uri, params, cb) {","  return setAccess.call(this, 'public', uri, params, cb)","}","subcommands.restricted = function (uri, params, cb) {","  return setAccess.call(this, 'restricted', uri, params, cb)","}","","function setAccess (access, uri, params, cb) {","  return this.request(apiUri(uri, 'package', params.package, 'access'), {","    method: 'POST',","    auth: params.auth,","    body: JSON.stringify({ access: access })","  }, cb)","}","","subcommands.grant = function (uri, params, cb) {","  var reqUri = apiUri(uri, 'team', params.scope, params.team, 'package')","  return this.request(reqUri, {","    method: 'PUT',","    auth: params.auth,","    body: JSON.stringify({","      permissions: params.permissions,","      package: params.package","    })","  }, cb)","}","","subcommands.revoke = function (uri, params, cb) {","  var reqUri = apiUri(uri, 'team', params.scope, params.team, 'package')","  return this.request(reqUri, {","    method: 'DELETE',","    auth: params.auth,","    body: JSON.stringify({","      package: params.package","    })","  }, cb)","}","","subcommands['ls-packages'] = function (uri, params, cb, type) {","  type = type || (params.team ? 'team' : 'org')","  var client = this","  var uriParams = '?format=cli'","  var reqUri = apiUri(uri, type, params.scope, params.team, 'package')","  return client.request(reqUri + uriParams, {","    method: 'GET',","    auth: params.auth","  }, function (err, perms) {","    if (err && err.statusCode === 404 && type === 'org') {","      subcommands['ls-packages'].call(client, uri, params, cb, 'user')","    } else {","      cb(err, perms && translatePermissions(perms))","    }","  })","}","","subcommands['ls-collaborators'] = function (uri, params, cb) {","  var uriParams = '?format=cli'","  if (params.user) {","    uriParams += ('&user=' + encodeURIComponent(params.user))","  }","  var reqUri = apiUri(uri, 'package', params.package, 'collaborators')","  return this.request(reqUri + uriParams, {","    method: 'GET',","    auth: params.auth","  }, function (err, perms) {","    cb(err, perms && translatePermissions(perms))","  })","}","","subcommands.edit = function () {","  throw new Error('edit subcommand is not implemented yet')","}","","function apiUri (registryUri) {","  var path = Array.prototype.slice.call(arguments, 1)","    .filter(function (x) { return x })","    .map(encodeURIComponent)","    .join('/')","  return url.resolve(registryUri, '-/' + path)","}","","function accessAssertions (subcommand, uri, params, cb) {","  assert(subcommands.hasOwnProperty(subcommand),","         'access subcommand must be one of ' +","         Object.keys(subcommands).join(', '))","  typeChecks({","    'uri': [uri, 'string'],","    'params': [params, 'object'],","    'auth': [params.auth, 'object'],","    'callback': [cb, 'function']","  })","  if (contains([","    'public', 'restricted'","  ], subcommand)) {","    typeChecks({ 'package': [params.package, 'string'] })","    assert(!!npa(params.package).scope,","           'access commands are only accessible for scoped packages')","  }","  if (contains(['grant', 'revoke', 'ls-packages'], subcommand)) {","    typeChecks({ 'scope': [params.scope, 'string'] })","  }","  if (contains(['grant', 'revoke'], subcommand)) {","    typeChecks({ 'team': [params.team, 'string'] })","  }","  if (subcommand === 'grant') {","    typeChecks({ 'permissions': [params.permissions, 'string'] })","    assert(params.permissions === 'read-only' ||","           params.permissions === 'read-write',","           'permissions must be either read-only or read-write')","  }","}","","function typeChecks (specs) {","  Object.keys(specs).forEach(function (key) {","    var checks = specs[key]","    /* eslint valid-typeof:0 */","    assert(typeof checks[0] === checks[1],","           key + ' is required and must be of type ' + checks[1])","  })","}","","function contains (arr, item) {","  return arr.indexOf(item) !== -1","}","","function translatePermissions (perms) {","  var newPerms = {}","  for (var key in perms) {","    if (perms.hasOwnProperty(key)) {","      if (perms[key] === 'read') {","        newPerms[key] = 'read-only'","      } else if (perms[key] === 'write') {","        newPerms[key] = 'read-write'","      } else {","        // This shouldn't happen, but let's not break things","        // if the API starts returning different things.","        newPerms[key] = perms[key]","      }","    }","  }","  return newPerms","}",""],"l":{"1":1,"3":1,"4":1,"5":1,"6":1,"8":1,"9":0,"10":0,"13":1,"14":0,"16":1,"17":0,"20":1,"21":0,"28":1,"29":0,"30":0,"40":1,"41":0,"42":0,"51":1,"52":0,"53":0,"54":0,"55":0,"56":0,"60":0,"61":0,"63":0,"68":1,"69":0,"70":0,"71":0,"73":0,"74":0,"78":0,"82":1,"83":0,"86":1,"87":0,"88":0,"91":0,"94":1,"95":0,"98":0,"104":0,"107":0,"108":0,"111":0,"112":0,"114":0,"115":0,"117":0,"118":0,"119":0,"125":1,"126":0,"127":0,"129":0,"134":1,"135":0,"138":1,"139":0,"140":0,"141":0,"142":0,"143":0,"144":0,"145":0,"149":0,"153":0}},"/home/travis/build/npmtest/node-npmtest-npm-registry-client/node_modules/npm-registry-client/lib/adduser.js":{"path":"/home/travis/build/npmtest/node-npmtest-npm-registry-client/node_modules/npm-registry-client/lib/adduser.js","s":{"1":1,"2":1,"3":1,"4":1,"5":1,"6":0,"7":0,"8":0,"9":0,"10":0,"11":0,"12":0,"13":0,"14":0,"15":0,"16":0,"17":0,"18":0,"19":0,"20":0,"21":0,"22":0,"23":0,"24":0,"25":0,"26":0,"27":0,"28":0,"29":0,"30":0,"31":0,"32":0,"33":0,"34":0,"35":0,"36":0,"37":0,"38":0,"39":0,"40":0,"41":0,"42":0,"43":0,"44":0,"45":0,"46":0,"47":0,"48":0,"49":0,"50":0,"51":0,"52":0,"53":0,"54":1,"55":0,"56":0,"57":0,"58":0,"59":0,"60":0,"61":0,"62":0,"63":0,"64":0,"65":0,"66":0,"67":0},"b":{"1":[1,0],"2":[0,0],"3":[0,0],"4":[0,0],"5":[0,0],"6":[0,0],"7":[0,0],"8":[0,0],"9":[0,0],"10":[0,0],"11":[0,0],"12":[0,0,0],"13":[0,0],"14":[0,0],"15":[0,0],"16":[0,0],"17":[0,0],"18":[0,0,0],"19":[0,0],"20":[0,0],"21":[0,0],"22":[0,0,0],"23":[0,0],"24":[0,0,0]},"f":{"1":0,"2":0,"3":0,"4":0,"5":0,"6":0,"7":0,"8":0},"fnMap":{"1":{"name":"adduser","line":7,"loc":{"start":{"line":7,"column":0},"end":{"line":7,"column":35}}},"2":{"name":"(anonymous_2)","line":51,"loc":{"start":{"line":51,"column":40},"end":{"line":51,"column":53}}},"3":{"name":"(anonymous_3)","line":54,"loc":{"start":{"line":54,"column":12},"end":{"line":54,"column":29}}},"4":{"name":"(anonymous_4)","line":72,"loc":{"start":{"line":72,"column":4},"end":{"line":72,"column":43}}},"5":{"name":"(anonymous_5)","line":81,"loc":{"start":{"line":81,"column":8},"end":{"line":81,"column":44}}},"6":{"name":"(anonymous_6)","line":85,"loc":{"start":{"line":85,"column":36},"end":{"line":85,"column":49}}},"7":{"name":"done","line":97,"loc":{"start":{"line":97,"column":2},"end":{"line":97,"column":28}}},"8":{"name":"(anonymous_8)","line":98,"loc":{"start":{"line":98,"column":11},"end":{"line":98,"column":50}}}},"statementMap":{"1":{"start":{"line":1,"column":0},"end":{"line":1,"column":24}},"2":{"start":{"line":3,"column":0},"end":{"line":3,"column":24}},"3":{"start":{"line":4,"column":0},"end":{"line":4,"column":30}},"4":{"start":{"line":5,"column":0},"end":{"line":5,"column":53}},"5":{"start":{"line":7,"column":0},"end":{"line":129,"column":1}},"6":{"start":{"line":8,"column":2},"end":{"line":8,"column":70}},"7":{"start":{"line":9,"column":2},"end":{"line":12,"column":3}},"8":{"start":{"line":13,"column":2},"end":{"line":13,"column":67}},"9":{"start":{"line":15,"column":2},"end":{"line":15,"column":72}},"10":{"start":{"line":16,"column":2},"end":{"line":16,"column":24}},"11":{"start":{"line":17,"column":2},"end":{"line":17,"column":76}},"12":{"start":{"line":18,"column":2},"end":{"line":18,"column":76}},"13":{"start":{"line":19,"column":2},"end":{"line":19,"column":70}},"14":{"start":{"line":22,"column":2},"end":{"line":22,"column":39}},"15":{"start":{"line":22,"column":29},"end":{"line":22,"column":39}},"16":{"start":{"line":24,"column":2},"end":{"line":24,"column":37}},"17":{"start":{"line":25,"column":2},"end":{"line":25,"column":37}},"18":{"start":{"line":26,"column":2},"end":{"line":26,"column":31}},"19":{"start":{"line":29,"column":2},"end":{"line":29,"column":62}},"20":{"start":{"line":29,"column":17},"end":{"line":29,"column":62}},"21":{"start":{"line":30,"column":2},"end":{"line":30,"column":62}},"22":{"start":{"line":30,"column":17},"end":{"line":30,"column":62}},"23":{"start":{"line":31,"column":2},"end":{"line":31,"column":64}},"24":{"start":{"line":31,"column":14},"end":{"line":31,"column":6
[...]
d: 'GET',","      auth: params.auth","    }, cb)","  } else {","    return this.request(apiUri(uri, 'org', params.scope, 'team') + uriParams, {","      method: 'GET',","      auth: params.auth","    }, cb)","  }","}","","// TODO - we punted this to v2","// subcommands.edit = function (uri, params, cb) {","//   return this.request(apiUri(uri, 'team', params.scope, params.team, 'user'), {","//     method: 'POST',","//     auth: params.auth,","//     body: JSON.stringify({","//       users: params.users","//     })","//   }, cb)","// }","","function apiUri (registryUri) {","  var path = Array.prototype.slice.call(arguments, 1)","    .map(encodeURIComponent)","    .join('/')","  return url.resolve(registryUri, '-/' + path)","}","","function teamAssertions (subcommand, uri, params, cb) {","  assert(subcommand, 'subcommand is required')","  assert(subcommands.hasOwnProperty(subcommand),","         'team subcommand must be one of ' + Object.keys(subcommands))","  assert(typeof uri === 'string', 'registry URI is required')","  assert(typeof params === 'object', 'params are required')","  assert(typeof params.auth === 'object', 'auth is required')","  assert(typeof params.scope === 'string', 'scope is required')","  assert(!cb || typeof cb === 'function', 'callback must be a function')","  if (subcommand !== 'ls') {","    assert(typeof params.team === 'string', 'team name is required')","  }","  if (subcommand === 'rm' || subcommand === 'add') {","    assert(typeof params.user === 'string', 'user is required')","  }","  if (subcommand === 'edit') {","    assert(typeof params.users === 'object' &&","           params.users.length != null,","           'users is required')","  }","}",""],"l":{"1":1,"3":1,"4":1,"6":1,"8":1,"9":0,"10":0,"13":1,"14":0,"23":1,"24":0,"30":1,"31":0,"40":1,"41":0,"50":1,"51":0,"52":0,"53":0,"55":0,"60":0,"78":1,"79":0,"82":0,"85":1,"86":0,"87":0,"89":0,"90":0,"91":0,"92":0,"93":0,"94":0,"95":0,"97":0,"98":0,"100":0,"101":0}},"/home/travis/build/npmtest/node-npmtest-npm-registry-client/node_modules/npm-registry-client/lib/unpublish.js":{"path":"/home/travis/build/npmtest/node-npmtest-npm-registry-client/node_modules/npm-registry-client/lib/unpublish.js","s":{"1":1,"2":1,"3":1,"4":1,"5":1,"6":1,"7":0,"8":0,"9":0,"10":0,"11":0,"12":0,"13":0,"14":0,"15":0,"16":0,"17":0,"18":0,"19":0,"20":0,"21":0,"22":0,"23":0,"24":0,"25":0,"26":0,"27":0,"28":0,"29":0,"30":0,"31":0,"32":0,"33":0,"34":0,"35":0,"36":0,"37":0,"38":0,"39":0,"40":0,"41":0,"42":0,"43":0,"44":0,"45":0,"46":0,"47":0,"48":1,"49":0,"50":0,"51":0,"52":0,"53":0,"54":0,"55":0,"56":0,"57":0,"58":0,"59":0,"60":0,"61":0,"62":0,"63":1,"64":0,"65":0,"66":0,"67":0,"68":0,"69":0,"70":0,"71":0,"72":0,"73":1,"74":0,"75":0},"b":{"1":[0,0],"2":[0,0],"3":[0,0],"4":[0,0],"5":[0,0],"6":[0,0],"7":[0,0],"8":[0,0],"9":[0,0],"10":[0,0],"11":[0,0],"12":[0,0],"13":[0,0],"14":[0,0],"15":[0,0],"16":[0,0],"17":[0,0]},"f":{"1":0,"2":0,"3":0,"4":0,"5":0,"6":0,"7":0,"8":0,"9":0,"10":0,"11":0,"12":0},"fnMap":{"1":{"name":"unpublish","line":14,"loc":{"start":{"line":14,"column":0},"end":{"line":14,"column":37}}},"2":{"name":"(anonymous_2)","line":28,"loc":{"start":{"line":28,"column":41},"end":{"line":28,"column":61}}},"3":{"name":"(anonymous_3)","line":74,"loc":{"start":{"line":74,"column":82},"end":{"line":74,"column":96}}},"4":{"name":"detacher","line":83,"loc":{"start":{"line":83,"column":0},"end":{"line":83,"column":53}}},"5":{"name":"(anonymous_5)","line":84,"loc":{"start":{"line":84,"column":9},"end":{"line":84,"column":23}}},"6":{"name":"(anonymous_6)","line":86,"loc":{"start":{"line":86,"column":60},"end":{"line":86,"column":80}}},"7":{"name":"(anonymous_7)","line":91,"loc":{"start":{"line":91,"column":72},"end":{"line":91,"column":86}}},"8":{"name":"(anonymous_8)","line":93,"loc":{"start":{"line":93,"column":40},"end":{"line":93,"column":54}}},"9":{"name":"(anonymous_9)","line":94,"loc":{"start":{"line":94,"column":17},"end":{"line":94,"column":31}}},"10":{"name":"detach","line":104,"loc":{"start":{"line":104,"column":0},"end":{"line":104,"column":56}}},"11":{"name":"(anonymous_11)","line":110,"loc":{"start":{"line":110,"column":58},"end":{"line":110,"column":78}}},"12":{"name":"escape","line":117,"loc":{"start":{"line":117,"column":0},"end":{"line":117,"column":29}}}},"statementMap":{"1":{"start":{"line":1,"column":0},"end":{"line":1,"column":26}},"2":{"start":{"line":9,"column":0},"end":{"line":9,"column":30}},"3":{"start":{"line":10,"column":0},"end":{"line":10,"column":24}},"4":{"start":{"line":11,"column":0},"end":{"line":11,"column":34}},"5":{"start":{"line":12,"column":0},"end":{"line":12,"column":30}},"6":{"start":{"line":14,"column":0},"end":{"line":81,"column":1}},"7":{"start":{"line":15,"column":2},"end":{"line":15,"column":72}},"8":{"start":{"line":16,"column":2},"end":{"line":16,"column":79}},"9":{"start":{"line":17,"column":2},"end":{"line":17,"column":69}},"10":{"start":{"line":19,"column":2},"end":{"line":19,"column":26}},"11":{"start":{"line":20,"column":2},"end":{"line":20,"column":24}},"12":{"start":{"line":21,"column":2},"end":{"line":21,"column":73}},"13":{"start":{"line":23,"column":2},"end":{"line":27,"column":3}},"14":{"start":{"line":28,"column":2},"end":{"line":80,"column":15}},"15":{"start":{"line":29,"column":4},"end":{"line":32,"column":5}},"16":{"start":{"line":30,"column":6},"end":{"line":30,"column":56}},"17":{"start":{"line":31,"column":6},"end":{"line":31,"column":17}},"18":{"start":{"line":34,"column":4},"end":{"line":37,"column":5}},"19":{"start":{"line":35,"column":6},"end":{"line":35,"column":70}},"20":{"start":{"line":36,"column":6},"end":{"line":36,"column":91}},"21":{"start":{"line":39,"column":4},"end":{"line":39,"column":38}},"22":{"start":{"line":40,"column":4},"end":{"line":40,"column":52}},"23":{"start":{"line":42,"column":4},"end":{"line":42,"column":12}},"24":{"start":{"line":43,"column":4},"end":{"line":48,"column":5}},"25":{"start":{"line":44,"column":6},"end":{"line":44,"column":68}},"26":{"start":{"line":46,"column":6},"end":{"line":46,"column":31}},"27":{"start":{"line":47,"column":6},"end":{"line":47,"column":65}},"28":{"start":{"line":50,"column":4},"end":{"line":50,"column":24}},"29":{"start":{"line":52,"column":4},"end":{"line":55,"column":5}},"30":{"start":{"line":53,"column":6},"end":{"line":53,"column":79}},"31":{"start":{"line":54,"column":6},"end":{"line":54,"column":91}},"32":{"start":{"line":57,"column":4},"end":{"line":57,"column":35}},"33":{"start":{"line":57,"column":24},"end":{"line":57,"column":35}},"34":{"start":{"line":59,"column":4},"end":{"line":59,"column":44}},"35":{"start":{"line":60,"column":4},"end":{"line":62,"column":5}},"36":{"start":{"line":61,"column":6},"end":{"line":61,"column":71}},"37":{"start":{"line":61,"column":42},"end":{"line":61,"column":71}},"38":{"start":{"line":64,"column":4},"end":{"line":67,"column":5}},"39":{"start":{"line":65,"column":6},"end":{"line":66,"column":76}},"40":{"start":{"line":69,"column":4},"end":{"line":69,"column":23}},"41":{"start":{"line":70,"column":4},"end":{"line":70,"column":26}},"42":{"start":{"line":71,"column":4},"end":{"line":71,"column":28}},"43":{"start":{"line":72,"column":4},"end":{"line":72,"column":60}},"44":{"start":{"line":74,"column":4},"end":{"line":79,"column":17}},"45":{"start":{"line":75,"column":6},"end":{"line":77,"column":7}},"46":{"start":{"line":76,"column":8},"end":{"line":76,"column":60}},"47":{"start":{"line":78,"column":6},"end":{"line":78,"column":13}},"48":{"start":{"line":83,"column":0},"end":{"line":102,"column":1}},"49":{"start":{"line":84,"column":2},"end":{"line":101,"column":14}},"50":{"start":{"line":85,"column":4},"end":{"line":85,"column":25}},"51":{"start":{"line":85,"column":12},"end":{"line":85,"column":25}},"52":{"start":{"line":86,"column":4},"end":{"line":100,"column":17}},"53":{"start":{"line":87,"column":6},"end":{"line":87,"column":27}},"54":{"start":{"line":87,"column":14},"end":{"line":87,"column":27}},"55":{"start":{"line":89,"column":6},"end":{"line":89,"column":38}},"56":{"start":{"line":91,"column":6},"end":{"line":99,"column":19}},"57":{"start":{"line":92,"column":8},"end":{"line":92,"column":42}},"58":{"start":{"line":92,"column":29},"end":{"line":92,"column":42}},"59":{"start":{"line":93,"column":8},"end":{"line":98,"column":21}},"60":{"start":{"line":94,"column":10},"end":{"line":97,"column":22}},"61":{"start":{"line":95,"column":12},"end":{"line":95,"column":32}},"62":{"start":{"line":96,"column":12},"end":{"line":96,"column":94}},"63":{"start":{"line":104,"column":0},"end":{"line":115,"column":1}},"64":{"start":{"line":105,"column":2},"end":{"line":109,"column":3}},"65":{"start":{"line":106,"column":4},"end":{"line":106,"column":26}},"66":{"start":{"line":107,"column":4},"end":{"line":107,"column":33}},"67":{"start":{"line":108,"column":4},"end":{"line":108,"column":92}},"68":{"start":{"line":110,"column":2},"end":{"line":114,"column":15}},"69":{"start":{"line":111,"column":4},"end":{"line":111,"column":19}},"70":{"start":{"line":112,"column":4},"end":{"line":112,"column":66}},"71":{"start":{"line":112,"column":14},"end":{"line":112,"column":66}},"72":{"start":{"line":113,"column":4},"end":{"line":113,"column":42}},"73":{"start":{"line":117,"column":0},"end":{"line":120,"column":1}},"74":{"start":{"line":118,"column":2},"end":{"line":118,"column":41}},"75":{"start":{"line":119,"column":2},"end":{"line":119,"column":35}}},"branchMap":{"1":{"line":16,"type":"binary-expr","locations":[{"start":{"line":16,"column":9},"end":{"line":16,"column":15}},{"start":{"line":16,"column":19},"end":{"line":16,"column":45}}]},"2":{"line":21,"type":"binary-expr","locations":[{"start":{"line":21,"column":9},"end":{"line":21,"column":13}},{"start":{"line":21,"column":17},"end":{"line":21,"column":41}}]},"3":{"line":29,"type":"if","locations":[{"start":{"line":29,"column":4},"end":{"line":29,"column":4}},{"start":{"line":29,"column":4},"end":{"line":29,"column":4}}]},"4":{"line":34,"type":"if","locations":[{"start":{"line":34,"column":4},"end":{"line":34,"column":4}},{"start":{"line":34,"column":4},"end":{"line":34,"column":4}}]},"5":{"line":39,"type":"binary-expr","locations":[{"start":{"line":39,"column":19},"end":{"line":39,"column":32}},{"start":{"line":39,"column":36},"end":{"line":39,"column":38}}]},"6":{"line":43,"type":"if","locations":[{"start":{"line":43,"column":4},"end":{"line":43,"column":4}},{"start":{"line":43,"column":4},"end":{"line":43,"column":4}}]},"7":{"line":52,"type":"if","locations":[{"start":{"line":52,"column":4},"end":{"line":52,"column":4}},{"start":{"line":52,"column":4},"end":{"line":52,"column":4}}]},"8":{"line":57,"type":"if","locations":[{"start":{"line":57,"column":4},"end":{"line":57,"column":4}},{"start":{"line":57,"column":4},"end":{"line":57,"column":4}}]},"9":{"line":61,"type":"if","locations":[{"start":{"line":61,"column":6},"end":{"line":61,"column":6}},{"start":{"line":61,"column":6},"end":{"line":61,"column":6}}]},"10":{"line":64,"type":"if","locations":[{"start":{"line":64,"column":4},"end":{"line":64,"column":4}},{"start":{"line":64,"column":4},"end":{"line":64,"column":4}}]},"11":{"line":75,"type":"if","locations":[{"start":{"line":75,"column":6},"end":{"line":75,"column":6}},{"start":{"line":75,"column":6},"end":{"line":75,"column":6}}]},"12":{"line":85,"type":"if","locations":[{"start":{"line":85,"column":4},"end":{"line":85,"column":4}},{"start":{"line":85,"column":4},"end":{"line":85,"column":4}}]},"13":{"line":87,"type":"if","locations":[{"start":{"line":87,"column":6},"end":{"line":87,"column":6}},{"start":{"line":87,"column":6},"end":{"line":87,"column":6}}]},"14":{"line":92,"type":"if","locations":[{"start":{"line":92,"column":8},"end":{"line":92,"column":8}},{"start":{"line":92,"column":8},"end":{"line":92,"column":8}}]},"15":{"line":92,"type":"binary-expr","locations":[{"start":{"line":92,"column":12},"end":{"line":92,"column":14}},{"start":{"line":92,"column":18},"end":{"line":92,"column":27}}]},"16":{"line":105,"type":"if","locations":[{"start":{"line":105,"column":2},"end":{"line":105,"column":2}},{"start":{"line":105,"column":2},"end":{"line":105,"column":2}}]},"17":{"line":112,"type":"if","locations":[{"start":{"line":112,"column":4},"end":{"line":112,"column":4}},{"start":{"line":112,"column":4},"end":{"line":112,"column":4}}]}},"code":["module.exports = unpublish","","// fetch the data","// modify to remove the version in question","// If no versions remaining, then DELETE","// else, PUT the modified data","// delete the tarball","","var semver = require('semver')","var url = require('url')","var chain = require('slide').chain","var assert = require('assert')","","function unpublish (uri, params, cb) {","  assert(typeof uri === 'string', 'must pass registry URI to unpublish')","  assert(params && typeof params === 'object', 'must pass params to unpublish')","  assert(typeof cb === 'function', 'must pass callback to unpublish')","","  var ver = params.version","  var auth = params.auth","  assert(auth && typeof auth === 'object', 'must pass auth to unpublish')","","  var options = {","    timeout: -1,","    follow: false,","    auth: auth","  }","  this.get(uri + '?write=true', options, function (er, data) {","    if (er) {","      this.log.info('unpublish', uri + ' not published')","      return cb()","    }","    // remove all if no version specified","    if (!ver) {","      this.log.info('unpublish', 'No version specified, removing all')","      return this.request(uri + '/-rev/' + data._rev, { method: 'DELETE', auth: auth }, cb)","    }","","    var versions = data.versions || {}","    var versionPublic = versions.hasOwnProperty(ver)","","    var dist","    if (!versionPublic) {","      this.log.info('unpublish', uri + '@' + ver + ' not published')","    } else {","      dist = versions[ver].dist","      this.log.verbose('unpublish', 'removing attachments', dist)","    }","","    delete versions[ver]","    // if it was the only version, then delete the whole package.","    if (!Object.keys(versions).length) {","      this.log.info('unpublish', 'No versions remain, removing entire package')","      return this.request(uri + '/-rev/' + data._rev, { method: 'DELETE', auth: auth }, cb)","    }","","    if (!versionPublic) return cb()","","    var latestVer = data['dist-tags'].latest","    for (var tag in data['dist-tags']) {","      if (data['dist-tags'][tag] === ver) delete data['dist-tags'][tag]","    }","","    if (latestVer === ver) {","      data['dist-tags'].latest =","        Object.getOwnPropertyNames(versions).sort(semver.compareLoose).pop()","    }","","    var rev = data._rev","    delete data._revisions","    delete data._attachments","    var cb_ = detacher.call(this, uri, data, dist, auth, cb)","","    this.request(uri + '/-rev/' + rev, { method: 'PUT', body: data, auth: auth }, function (er) {","      if (er) {","        this.log.error('unpublish', 'Failed to update data')","      }","      cb_(er)","    }.bind(this))","  }.bind(this))","}","","function detacher (uri, data, dist, credentials, cb) {","  return function (er) {","    if (er) return cb(er)","    this.get(escape(uri, data.name), { auth: credentials }, function (er, data) {","      if (er) return cb(er)","","      var tb = url.parse(dist.tarball)","","      detach.call(this, uri, data, tb.pathname, data._rev, credentials, function (er) {","        if (er || !dist.bin) return cb(er)","        chain(Object.keys(dist.bin).map(function (bt) {","          return function (cb) {","            var d = dist.bin[bt]","            detach.call(this, uri, data, url.parse(d.tarball).pathname, null, credentials, cb)","          }.bind(this)","        }, this), cb)","      }.bind(this))","    }.bind(this))","  }.bind(this)","}","","function detach (uri, data, path, rev, credentials, cb) {","  if (rev) {","    path += '/-rev/' + rev","    this.log.info('detach', path)","    return this.request(url.resolve(uri, path), { method: 'DELETE', auth: credentials }, cb)","  }","  this.get(escape(uri, data.name), { auth: credentials }, function (er, data) {","    rev = data._rev","    if (!rev) return cb(new Error('No _rev found in ' + data._id))","    detach.call(this, data, path, rev, cb)","  }.bind(this))","}","","function escape (base, name) {","  var escaped = name.replace(/\\//, '%2f')","  return url.resolve(base, escaped)","}",""],"l":{"1":1,"9":1,"10":1,"11":1,"12":1,"14":1,"15":0,"16":0,"17":0,"19":0,"20":0,"21":0,"23":0,"28":0,"29":0,"30":0,"31":0,"34":0,"35":0,"36":0,"39":0,"40":0,"42":0,"43":0,"44":0,"46":0,"47":0,"50":0,"52":0,"53":0,"54":0,"57":0,"59":0,"60":0,"61":0,"64":0,"65":0,"69":0,"70":0,"71":0,"72":0,"74":0,"75":0,"76":0,"78":0,"83":1,"84":0,"85":0,"86":0,"87":0,"89":0,"91":0,"92":0,"93":0,"94":0,"95":0,"96":0,"104":1,"105":0,"106":0,"107":0,"108":0,"110":0,"111":0,"112":0,"113":0,"117":1,"118":0,"119":0}},"/home/travis/build/npmtest/node-npmtest-npm-registry-client/node_modules/npm-registry-client/lib/whoami.js":{"path":"/home/travis/build/npmtest/node-npmtest-npm-registry-client/node_modules/npm-registry-client/lib/whoami.js","s":{"1":1,"2":1,"3":1,"4":1,"5":0,"6":0,"7":0,"8":0,"9":0,"10":0,"11":0,"12":0,"13":0,"14":0,"15":0},"b":{"1":[0,0],"2":[0,0],"3":[0,0],"4":[0,0]},"f":{"1":0,"2":0},"fnMap":{"1":{"name":"whoami","line":6,"loc":{"start":{"line":6,"column":0},"end":{"line":6,"column":34}}},"2":{"name":"(anonymous_2)","line":16,"loc":{"start":{"line":16,"column":61},"end":{"line":16,"column":85}}}},"statementMap":{"1":{"start":{"line":1,"column":0},"end":{"line":1,"column":23}},"2":{"start":{"line":3,"column":0},"end":{"line":3,"column":24}},"3":{"start":{"line":4,"column":0},"end":{"line":4,"column":30}},"4":{"start":{"line":6,"column":0},"end":{"line":21,"column":1}},"5":{"start":{"line":7,"column":2},"end":{"line":7,"column":69}},"6":{"start":{"line":8,"column":2},"end":{"line":8,"column":76}},"7":{"start":{"line":9,"column":2},"end":{"line":9,"column":66}},"8":{"start":{"line":11,"column":2},"end":{"line":11,"column":24}},"9":{"start":{"line":12,"column":2},"end":{"line":12,"column":70}},"10":{"start":{"line":14,"column":2},"end":{"line":14,"column":80}},"11":{"start":{"line":14,"column":21},"end":{"line":14,"column":80}},"12":{"start":{"line":16,"column":2},"end":{"line":20,"column":4}},"13":{"start":{"line":17,"column":4},"end":{"line":17,"column":25}},"14":{"start":{"line":17,"column":12},"end":{"line":17,"column":25}},"15":{"start":{"line":19,"column":4},"end":{"line":19,"column":31}}},"branchMap":{"1":{"line":8,"type":"binary-expr","locations":[{"start":{"line":8,"column":9},"end":{"line":8,"column":15}},{"start":{"line":8,"column":19},"end":{"line":8,"column":45}}]},"2":{"line":12,"type":"binary-expr","locations":[{"start":{"line":12,"column":9},"end":{"line":12,"column":13}},{"start":{"line":12,"column":17},"end":{"line":12,"column":41}}]},"3":{"line":14,"type":"if","locations":[{"start":{"line":14,"column":2},"end":{"line":14,"column":2}},{"start":{"line":14,"column":2},"end":{"line":14,"column":2}}]},"4":{"line":17,"type":"if","locations":[{"start":{"line":17,"column":4},"end":{"line":17,"column":4}},{"start":{"line":17,"column":4},"end":{"line":17,"column":4}}]}},"code":["module.exports = whoami","","var url = require('url')","var assert = require('assert')","","function whoami (uri, params, cb) {","  assert(typeof uri === 'string', 'must pass registry URI to whoami')","  assert(params && typeof params === 'object', 'must pass params to whoami')","  assert(typeof cb === 'function', 'must pass callback to whoami')","","  var auth = params.auth","  assert(auth && typeof auth === 'object', 'must pass auth to whoami')","","  if (auth.username) return process.nextTick(cb.bind(this, null, auth.username))","","  this.request(url.resolve(uri, '-/whoami'), { auth: auth }, function (er, userdata) {","    if (er) return cb(er)","","    cb(null, userdata.username)","  })","}",""],"l":{"1":1,"3":1,"4":1,"6":1,"7":0,"8":0,"9":0,"11":0,"12":0,"14":0,"16":0,"17":0,"19":0}}}